Report for group default
------------------------------------------------------------------------------------------------------------------------------------------------------------
Startpoint: fb/mult/q_reg[0]/Q
    (Clocked by vsysclk R)
Endpoint: outB/out_reg[22]/D
    (Clocked by vsysclk F)
Path Group: default
Data required time: 1469.2
    (Clock shift: 1500.0, minus Uncertainty: 0.0, plus Latency 0.0, minus Setup time: 30.8)
Data arrival time: 1209.3
Slack: 259.9
Logic depth: 29
------------------------------------------------------------------------------------------------------------------------------------------------------------
                                                     Arrival               Arc      Net               Net    Total   fan-                                   
Path                     Module/Cell           Edge     Time    Delay    Delay    Delay     Slew     Load     Load    out     Location Power Domain      (V)
                                                        (ps)     (ps)     (ps)     (ps)     (ps)     (ff)     (ff)    (#)      (um,um)                      
------------------------------------------------------------------------------------------------------------------------------------------------------------
clk                      {create_clock}           r      0.0      0.0      0.0                        0.0      0.0     68     0,   57                       
fb/mult/q_reg[0]/CK->Q   DFF_X1*                 rr    147.6    147.6    147.6      0.0      0.0      1.0     34.1      3    56,   55  /PD_TOP        (1.10)
fb/i_1_5/A4->ZN          NOR4_X4                 rf    161.4     13.8     13.8      0.0     15.3      0.3      4.3      1    56,   55  /PD_TOP        (1.10)
fb/i_1_3/A1->ZN          NAND3_X4                fr    176.4     15.0     15.0      0.0      7.2      0.3      4.2      1    56,   55  /PD_TOP        (1.10)
fb/i_1_2/A4->ZN          NOR4_X2                 rf    188.0     11.6     11.6      0.0     12.1      0.3      2.6      1    56,   55  /PD_TOP        (1.10)
fb/i_1_1/A3->ZN          AND3_X4                 ff    218.6     30.6     30.6      0.0      6.7      0.4      3.0      1    56,   55  /PD_TOP        (1.10)
fb/i_1_0/A->ZN           AOI221_X2               fr    292.8     74.2     74.2      0.0      5.7      0.4      3.5      1    56,   55  /PD_TOP        (1.10)
fb/i_9/i_0/A->CO         HA_X1                   rr    339.3     46.5     46.5      0.0     45.5      0.3      3.8      1    56,   55  /PD_TOP        (1.10)
fb/i_9/i_1/B->CO         HA_X1                   rr    377.1     37.8     37.8      0.0     12.7      0.3      3.8      1    56,   55  /PD_TOP        (1.10)
fb/i_9/i_2/B->CO         HA_X1                   rr    414.9     37.8     37.8      0.0     12.7      0.3      3.8      1    56,   55  /PD_TOP        (1.10)
fb/i_9/i_3/B->CO         HA_X1                   rr    452.7     37.8     37.8      0.0     12.7      0.3      3.8      1    56,   55  /PD_TOP        (1.10)
fb/i_9/i_4/B->CO         HA_X1                   rr    490.5     37.8     37.8      0.0     12.7      0.3      3.8      1    56,   55  /PD_TOP        (1.10)
fb/i_9/i_5/B->CO         HA_X1                   rr    528.3     37.8     37.8      0.0     12.7      0.3      3.8      1    56,   55  /PD_TOP        (1.10)
fb/i_9/i_6/B->CO         HA_X1                   rr    566.1     37.8     37.8      0.0     12.7      0.3      3.8      1    56,   55  /PD_TOP        (1.10)
fb/i_9/i_7/B->CO         HA_X1                   rr    603.9     37.8     37.8      0.0     12.7      0.3      3.8      1    56,   55  /PD_TOP        (1.10)
fb/i_9/i_8/B->CO         HA_X1                   rr    641.7     37.8     37.8      0.0     12.7      0.3      3.8      1    56,   55  /PD_TOP        (1.10)
fb/i_9/i_9/B->CO         HA_X1                   rr    679.5     37.8     37.8      0.0     12.7      0.3      3.8      1    56,   55  /PD_TOP        (1.10)
fb/i_9/i_10/B->CO        HA_X1                   rr    717.3     37.8     37.8      0.0     12.7      0.3      3.8      1    56,   55  /PD_TOP        (1.10)
fb/i_9/i_11/B->CO        HA_X1                   rr    755.1     37.8     37.8      0.0     12.7      0.3      3.8      1    56,   55  /PD_TOP        (1.10)
fb/i_9/i_12/B->CO        HA_X1                   rr    792.9     37.8     37.8      0.0     12.7      0.3      3.8      1    56,   55  /PD_TOP        (1.10)
fb/i_9/i_13/B->CO        HA_X1                   rr    830.7     37.8     37.8      0.0     12.7      0.3      3.8      1    56,   55  /PD_TOP        (1.10)
fb/i_9/i_14/B->CO        HA_X1                   rr    868.5     37.8     37.8      0.0     12.7      0.3      3.8      1    56,   55  /PD_TOP        (1.10)
fb/i_9/i_15/B->CO        HA_X1                   rr    906.3     37.8     37.8      0.0     12.7      0.3      3.8      1    56,   55  /PD_TOP        (1.10)
fb/i_9/i_16/B->CO        HA_X1                   rr    944.1     37.8     37.8      0.0     12.7      0.3      3.8      1    56,   55  /PD_TOP        (1.10)
fb/i_9/i_17/B->CO        HA_X1                   rr    981.9     37.8     37.8      0.0     12.7      0.3      3.8      1    56,   55  /PD_TOP        (1.10)
fb/i_9/i_18/B->CO        HA_X1                   rr   1019.7     37.8     37.8      0.0     12.7      0.3      3.8      1    56,   55  /PD_TOP        (1.10)
fb/i_9/i_19/B->CO        HA_X1                   rr   1057.5     37.8     37.8      0.0     12.7      0.3      3.8      1    56,   55  /PD_TOP        (1.10)
fb/i_9/i_20/B->CO        HA_X1                   rr   1095.3     37.8     37.8      0.0     12.7      0.3      3.8      1    56,   55  /PD_TOP        (1.10)
fb/i_9/i_21/B->CO        HA_X1                   rr   1133.1     37.8     37.8      0.0     12.7      0.3      3.7      1    56,   55  /PD_TOP        (1.10)
fb/i_9/i_22/B->Z         XOR2_X2                 rr   1179.3     46.2     46.2      0.0     12.6      0.3      2.3      1    56,   55  /PD_TOP        (1.10)
fb/i_0_22/A1->ZN         AND2_X4                 rr   1209.3     30.0     30.0      0.0     21.8      0.3      1.4      1    56,   55  /PD_TOP        (1.10)
outB/out_reg[22]/D       DFF_X1                   r   1209.3      0.0               0.0      6.3                             56,   55  /PD_TOP        (1.10)
------------------------------------------------------------------------------------------------------------------------------------------------------------
Report for group I2R
------------------------------------------------------------------------------------------------------------------------------------------------------------
Startpoint: inputA[31]
    (Clocked by vsysclk R)
Endpoint: regA/out_reg[31]/D
    (Clocked by vsysclk F)
Path Group: I2R
Data required time: 1470.9
    (Clock shift: 1500.0, minus Uncertainty: 0.0, plus Latency 0.0, minus Setup time: 29.1)
Data arrival time: 200.4
Slack: 1270.5
Logic depth: 0
------------------------------------------------------------------------------------------------------------------------------------------------------------
                                                     Arrival               Arc      Net               Net    Total   fan-                                   
Path                     Module/Cell           Edge     Time    Delay    Delay    Delay     Slew     Load     Load    out     Location Power Domain      (V)
                                                        (ps)     (ps)     (ps)     (ps)     (ps)     (ff)     (ff)    (#)      (um,um)                      
------------------------------------------------------------------------------------------------------------------------------------------------------------
inputA[31]               {set_input_delay}        r    200.0    200.0    200.0                        3.3      4.4      1    58,    0                       
regA/out_reg[31]/D       DFF_X1                   r    200.4      0.4               0.4      0.0                             56,   55  /PD_TOP        (1.10)
------------------------------------------------------------------------------------------------------------------------------------------------------------
Report for group I2O
Report for group R2O
------------------------------------------------------------------------------------------------------------------------------------------------------------
Startpoint: regA/out_reg[23]/Q
    (Clocked by vsysclk F)
Endpoint: overflow
    (Clocked by vsysclk R)
Path Group: R2O
Data required time: 1000.0
    (Clock shift: 1500.0, minus Uncertainty: 0.0, plus Latency 0.0, minus Out delay: 500.0)
Data arrival time: 895.7
Slack: 104.3
Logic depth: 15
------------------------------------------------------------------------------------------------------------------------------------------------------------
                                                     Arrival               Arc      Net               Net    Total   fan-                                   
Path                     Module/Cell           Edge     Time    Delay    Delay    Delay     Slew     Load     Load    out     Location Power Domain      (V)
                                                        (ps)     (ps)     (ps)     (ps)     (ps)     (ff)     (ff)    (#)      (um,um)                      
------------------------------------------------------------------------------------------------------------------------------------------------------------
clk                      {create_clock}           f      0.0      0.0      0.0                        0.0      0.0     68     0,   57                       
regA/i_0_0/A->ZN         INV_X1                  fr      0.0      0.0      0.0      0.0      0.0      0.0      0.0     32    56,   55  /PD_TOP        (1.10)
regA/out_reg[23]/CK->Q   DFF_X1*                 rf    114.9    114.9    114.9      0.0      0.0      0.6     29.9      2    56,   55  /PD_TOP        (1.10)
fb/i_0_72/A4->ZN         NOR4_X4                 fr    199.6     84.7     84.7      0.0     15.3      0.3      4.8      1    56,   55  /PD_TOP        (1.10)
fb/i_0_70/A3->ZN         NAND3_X4                rf    225.0     25.4     25.4      0.0     43.8      0.7      3.5      2    56,   55  /PD_TOP        (1.10)
fb/i_0_63/B1->ZN         OAI33_X1*               fr    501.5    276.5    276.5      0.0     10.4      1.8     47.7      6    56,   55  /PD_TOP        (1.10)
fb/i_0_62/A->ZN          INV_X8                  rf    515.2     13.7     13.7      0.0     15.3      3.1     30.2     12    56,   55  /PD_TOP        (1.10)
fb/i_0_47/A2->ZN         AND2_X4                 ff    542.2     27.0     26.9      0.1      6.4      0.3      3.7      1    56,   55  /PD_TOP        (1.10)
fb/i_2/i_0/B->S          HA_X1                   fr    650.7    108.5    108.5      0.0      5.4      1.2     17.2      4    56,   55  /PD_TOP        (1.10)
fb/i_2/i_64/B1->ZN       AOI21_X4                rf    677.2     26.5     26.5      0.0     94.0      0.6      8.9      2    56,   55  /PD_TOP        (1.10)
fb/i_2/i_63/B1->ZN       OAI21_X4                fr    709.3     32.1     32.1      0.0      9.5      0.6      8.4      2    56,   55  /PD_TOP        (1.10)
fb/i_2/i_62/B1->ZN       AOI21_X4                rf    728.4     19.1     19.1      0.0     23.2      0.6      6.8      2    56,   55  /PD_TOP        (1.10)
fb/i_2/i_60/B1->ZN       OAI21_X4                fr    765.8     37.4     37.4      0.0      8.7      0.9     12.7      3    56,   55  /PD_TOP        (1.10)
fb/i_2/i_59/B1->ZN       AOI21_X4                rf    790.1     24.3     24.3      0.0     28.2      1.0     13.0      3    56,   55  /PD_TOP        (1.10)
fb/i_2/i_53/C1->ZN       OAI211_X4               fr    821.0     30.9     30.9      0.0     11.2      0.3      4.3      1    56,   55  /PD_TOP        (1.10)
fb/i_2/i_50/A2->ZN       NAND2_X4*               rf    852.8     31.8     31.8      0.0     21.3      0.5     30.2      2    56,   55  /PD_TOP        (1.10)
fb/i_0_89/A->ZN          INV_X32                 fr    870.3     17.5     17.5      0.0     15.3      3.1     42.2     10    56,   55  /PD_TOP        (1.10)
fb/i_0_87/A1->ZN         NOR2_X4*                rf    895.3     25.0     24.9      0.1      8.4      5.5     42.7      8    56,   55  /PD_TOP        (1.10)
overflow                                          f    895.7      0.4               0.4     15.3                             54,  111                       
------------------------------------------------------------------------------------------------------------------------------------------------------------
