Report End Points: 
-----+-------+-------+-------+------+------+-----+------+-----------------+------------------
     |Group  |Launch |Capture|Shift |Delay |Depth|Slack |Begin Point      |End Point         
-----+-------+-------+-------+------+------+-----+------+-----------------+------------------
1    |default|vsysclk|vsysclk|3000.0|1784.0|   33|1057.6|regB/out_reg[7]/Q|outB/out_reg[30]/D
2    |default|vsysclk|vsysclk|3000.0|1776.5|   33|1073.0|regB/out_reg[7]/Q|outB/out_reg[31]/D
3    |default|vsysclk|vsysclk|3000.0|1740.0|   31|1101.6|regB/out_reg[7]/Q|outB/out_reg[29]/D
-----+-------+-------+-------+------+------+-----+------+-----------------+------------------
Report End Points: 
-----+-----+-------+-------+------+-----+-----+------+-----------+-----------------------
     |Group|Launch |Capture|Shift |Delay|Depth|Slack |Begin Point|End Point              
-----+-----+-------+-------+------+-----+-----+------+-----------+-----------------------
1    |I2R  |vsysclk|vsysclk|3000.0| 17.5|    1|2697.4|reset      |regA/clk_gate_out_reg/E
2    |I2R  |vsysclk|vsysclk|3000.0| 17.5|    1|2697.4|reset      |regB/clk_gate_out_reg/E
3    |I2R  |vsysclk|vsysclk|3000.0| 17.5|    1|2697.4|reset      |outB/clk_gate_out_reg/E
-----+-----+-------+-------+------+-----+-----+------+-----------+-----------------------
Report End Points: 
-----+-----+------+-------+-----+-----+-----+-----+-----------+---------
     |Group|Launch|Capture|Shift|Delay|Depth|Slack|Begin Point|End Point
-----+-----+------+-------+-----+-----+-----+-----+-----------+---------
1    |I2O  |      |       |     |     |     |     |           |         
-----+-----+------+-------+-----+-----+-----+-----+-----------+---------
Report End Points: 
-----+-----+-------+-------+------+-----+-----+------+------------------+----------
     |Group|Launch |Capture|Shift |Delay|Depth|Slack |Begin Point       |End Point 
-----+-----+-------+-------+------+-----+-----+------+------------------+----------
1    |R2O  |vsysclk|vsysclk|3000.0|  1.1|    0|2400.5|outB/out_reg[29]/Q|result[61]
2    |R2O  |vsysclk|vsysclk|3000.0|  1.1|    0|2400.5|outB/out_reg[27]/Q|result[59]
3    |R2O  |vsysclk|vsysclk|3000.0|  1.1|    0|2400.5|outB/out_reg[23]/Q|result[55]
-----+-----+-------+-------+------+-----+-----+------+------------------+----------
