Report for group default
Report for group I2R
Report for group I2O
------------------------------------------------------------------------------------------------------------------------------------------------------------
Startpoint: a[0]
    (Clocked by vsysclk R)
Endpoint: of
    (Clocked by vsysclk R)
Path Group: I2O
Data required time: 19500.0
    (Clock shift: 20000.0, minus Uncertainty: 0.0, plus Latency 0.0, minus Out delay: 500.0)
Data arrival time: 2939.6
Slack: 16560.4
Logic depth: 50
------------------------------------------------------------------------------------------------------------------------------------------------------------
                                                     Arrival               Arc      Net               Net    Total   fan-                                   
Path                     Module/Cell           Edge     Time    Delay    Delay    Delay     Slew     Load     Load    out     Location Power Domain      (V)
                                                        (ps)     (ps)     (ps)     (ps)     (ps)     (ff)     (ff)    (#)      (um,um)                      
------------------------------------------------------------------------------------------------------------------------------------------------------------
a[0]                     {set_input_delay}        r   1000.0   1000.0   1000.0                        2.2     10.3      2     0,   37                       
cla/i_0_14/B->Z          XOR2_X2                 rf   1017.9     17.9     17.7      0.2      0.0      0.6      8.2      2    38,   38  /PD_TOP        (1.10)
cla/i_0_13/B2->ZN        AOI22_X4*               fr   1097.7     79.8     79.8      0.0     14.7      0.6     29.2      2    38,   38  /PD_TOP        (1.10)
cla/i_0_12/A->ZN         INV_X8                  rf   1104.6      6.9      6.9      0.0     15.3      0.3      4.2      1    38,   38  /PD_TOP        (1.10)
cla/i_0_10/B1->ZN        AOI22_X4*               fr   1174.2     69.6     69.6      0.0      3.4      0.6     29.2      2    38,   38  /PD_TOP        (1.10)
cla/i_0_9/A->ZN          INV_X8                  rf   1181.1      6.9      6.9      0.0     15.3      0.3      4.2      1    38,   38  /PD_TOP        (1.10)
cla/i_0_7/B1->ZN         AOI22_X4                fr   1224.5     43.4     43.4      0.0      3.4      0.6      7.9      2    38,   38  /PD_TOP        (1.10)
cla/i_0_0/B1->ZN         OAI21_X4                rf   1245.4     20.9     20.9      0.0     29.2      0.6      7.8      2    38,   38  /PD_TOP        (1.10)
cla2/i_0_13/B1->ZN       AOI22_X4*               fr   1318.4     73.0     73.0      0.0     10.8      0.6     29.2      2    38,   38  /PD_TOP        (1.10)
cla2/i_0_12/A->ZN        INV_X8                  rf   1325.3      6.9      6.9      0.0     15.3      0.3      4.2      1    38,   38  /PD_TOP        (1.10)
cla2/i_0_10/B1->ZN       AOI22_X4*               fr   1394.9     69.6     69.6      0.0      3.4      0.6     29.2      2    38,   38  /PD_TOP        (1.10)
cla2/i_0_9/A->ZN         INV_X8                  rf   1401.8      6.9      6.9      0.0     15.3      0.3      4.2      1    38,   38  /PD_TOP        (1.10)
cla2/i_0_7/B1->ZN        AOI22_X4                fr   1445.2     43.4     43.4      0.0      3.4      0.6      7.9      2    38,   38  /PD_TOP        (1.10)
cla2/i_0_0/B1->ZN        OAI21_X4                rf   1466.1     20.9     20.9      0.0     29.2      0.6      7.8      2    38,   38  /PD_TOP        (1.10)
cla3/i_0_13/B1->ZN       AOI22_X4*               fr   1539.1     73.0     73.0      0.0     10.8      0.6     29.2      2    38,   38  /PD_TOP        (1.10)
cla3/i_0_12/A->ZN        INV_X8                  rf   1546.0      6.9      6.9      0.0     15.3      0.3      4.2      1    38,   38  /PD_TOP        (1.10)
cla3/i_0_10/B1->ZN       AOI22_X4*               fr   1615.6     69.6     69.6      0.0      3.4      0.6     29.2      2    38,   38  /PD_TOP        (1.10)
cla3/i_0_9/A->ZN         INV_X8                  rf   1622.5      6.9      6.9      0.0     15.3      0.3      4.2      1    38,   38  /PD_TOP        (1.10)
cla3/i_0_7/B1->ZN        AOI22_X4                fr   1665.9     43.4     43.4      0.0      3.4      0.6      7.9      2    38,   38  /PD_TOP        (1.10)
cla3/i_0_0/B1->ZN        OAI21_X4                rf   1686.8     20.9     20.9      0.0     29.2      0.6      7.8      2    38,   38  /PD_TOP        (1.10)
cla4/i_0_13/B1->ZN       AOI22_X4*               fr   1759.8     73.0     73.0      0.0     10.8      0.6     29.2      2    38,   38  /PD_TOP        (1.10)
cla4/i_0_12/A->ZN        INV_X8                  rf   1766.7      6.9      6.9      0.0     15.3      0.3      4.2      1    38,   38  /PD_TOP        (1.10)
cla4/i_0_10/B1->ZN       AOI22_X4*               fr   1836.3     69.6     69.6      0.0      3.4      0.6     29.2      2    38,   38  /PD_TOP        (1.10)
cla4/i_0_9/A->ZN         INV_X8                  rf   1843.2      6.9      6.9      0.0     15.3      0.3      4.2      1    38,   38  /PD_TOP        (1.10)
cla4/i_0_7/B1->ZN        AOI22_X4                fr   1886.6     43.4     43.4      0.0      3.4      0.6      7.9      2    38,   38  /PD_TOP        (1.10)
cla4/i_0_0/B1->ZN        OAI21_X4                rf   1907.5     20.9     20.9      0.0     29.2      0.6      7.8      2    38,   38  /PD_TOP        (1.10)
cla5/i_0_13/B1->ZN       AOI22_X4*               fr   1980.5     73.0     73.0      0.0     10.8      0.6     29.2      2    38,   38  /PD_TOP        (1.10)
cla5/i_0_12/A->ZN        INV_X8                  rf   1987.4      6.9      6.9      0.0     15.3      0.3      4.2      1    38,   38  /PD_TOP        (1.10)
cla5/i_0_10/B1->ZN       AOI22_X4*               fr   2057.0     69.6     69.6      0.0      3.4      0.6     29.2      2    38,   38  /PD_TOP        (1.10)
cla5/i_0_9/A->ZN         INV_X8                  rf   2063.9      6.9      6.9      0.0     15.3      0.3      4.2      1    38,   38  /PD_TOP        (1.10)
cla5/i_0_7/B1->ZN        AOI22_X4                fr   2107.3     43.4     43.4      0.0      3.4      0.6      7.9      2    38,   38  /PD_TOP        (1.10)
cla5/i_0_0/B1->ZN        OAI21_X4                rf   2128.2     20.9     20.9      0.0     29.2      0.6      7.8      2    38,   38  /PD_TOP        (1.10)
cla6/i_0_13/B1->ZN       AOI22_X4*               fr   2201.2     73.0     73.0      0.0     10.8      0.6     29.2      2    38,   38  /PD_TOP        (1.10)
cla6/i_0_12/A->ZN        INV_X8                  rf   2208.1      6.9      6.9      0.0     15.3      0.3      4.2      1    38,   38  /PD_TOP        (1.10)
cla6/i_0_10/B1->ZN       AOI22_X4*               fr   2277.7     69.6     69.6      0.0      3.4      0.6     29.2      2    38,   38  /PD_TOP        (1.10)
cla6/i_0_9/A->ZN         INV_X8                  rf   2284.6      6.9      6.9      0.0     15.3      0.3      4.2      1    38,   38  /PD_TOP        (1.10)
cla6/i_0_7/B1->ZN        AOI22_X4                fr   2328.0     43.4     43.4      0.0      3.4      0.6      7.9      2    38,   38  /PD_TOP        (1.10)
cla6/i_0_0/B1->ZN        OAI21_X4                rf   2348.9     20.9     20.9      0.0     29.2      0.6      7.8      2    38,   38  /PD_TOP        (1.10)
cla7/i_0_13/B1->ZN       AOI22_X4*               fr   2421.9     73.0     73.0      0.0     10.8      0.6     29.2      2    38,   38  /PD_TOP        (1.10)
cla7/i_0_12/A->ZN        INV_X8                  rf   2428.8      6.9      6.9      0.0     15.3      0.3      4.2      1    38,   38  /PD_TOP        (1.10)
cla7/i_0_10/B1->ZN       AOI22_X4*               fr   2498.4     69.6     69.6      0.0      3.4      0.6     29.2      2    38,   38  /PD_TOP        (1.10)
cla7/i_0_9/A->ZN         INV_X8                  rf   2505.3      6.9      6.9      0.0     15.3      0.3      4.2      1    38,   38  /PD_TOP        (1.10)
cla7/i_0_7/B1->ZN        AOI22_X4                fr   2548.7     43.4     43.4      0.0      3.4      0.6      7.9      2    38,   38  /PD_TOP        (1.10)
cla7/i_0_0/B1->ZN        OAI21_X4                rf   2569.6     20.9     20.9      0.0     29.2      0.6      7.8      2    38,   38  /PD_TOP        (1.10)
cla8/i_0_13/B1->ZN       AOI22_X4*               fr   2642.6     73.0     73.0      0.0     10.8      0.6     29.2      2    38,   38  /PD_TOP        (1.10)
cla8/i_0_12/A->ZN        INV_X8                  rf   2649.5      6.9      6.9      0.0     15.3      0.3      4.2      1    38,   38  /PD_TOP        (1.10)
cla8/i_0_10/B1->ZN       AOI22_X4*               fr   2719.1     69.6     69.6      0.0      3.4      0.6     29.2      2    38,   38  /PD_TOP        (1.10)
cla8/i_0_9/A->ZN         INV_X8                  rf   2726.0      6.9      6.9      0.0     15.3      0.3      4.2      1    38,   38  /PD_TOP        (1.10)
cla8/i_0_7/B1->ZN        AOI22_X4                fr   2769.4     43.4     43.4      0.0      3.4      0.6      7.9      2    38,   38  /PD_TOP        (1.10)
cla8/i_0_4/A->Z          XOR2_X2*                rr   2890.8    121.4    121.4      0.0     29.2      0.6     40.0      3    38,   38  /PD_TOP        (1.10)
OverFlow/i_0_3/A3->ZN    OAI33_X1                rf   2939.4     48.6     48.6      0.0     15.3      2.3     12.3      1    38,   38  /PD_TOP        (1.10)
of                                                f   2939.6      0.2               0.2     33.8                              0,   35                       
------------------------------------------------------------------------------------------------------------------------------------------------------------
Report for group R2O
