Report Instance Areas: 
-----+------------------+----------------+-----+---------
     |Instance          |Module          |Cells|Cell Area
-----+------------------+----------------+-----+---------
1    |top               |                |   69|      183
2    |  RCA2            |RCA16__0_110    |   16|       68
3    |    genblk1_0_FA1 |FullAdder__0_109|    1|        4
4    |    genblk1_1_FA1 |FullAdder__0_107|    1|        4
5    |    genblk1_2_FA1 |FullAdder__0_105|    1|        4
6    |    genblk1_3_FA1 |FullAdder__0_103|    1|        4
7    |    genblk1_4_FA1 |FullAdder__0_101|    1|        4
8    |    genblk1_5_FA1 |FullAdder__0_99 |    1|        4
9    |    genblk1_6_FA1 |FullAdder__0_97 |    1|        4
10   |    genblk1_7_FA1 |FullAdder__0_95 |    1|        4
11   |    genblk1_8_FA1 |FullAdder__0_93 |    1|        4
12   |    genblk1_9_FA1 |FullAdder__0_91 |    1|        4
13   |    genblk1_10_FA1|FullAdder__0_89 |    1|        4
14   |    genblk1_11_FA1|FullAdder__0_87 |    1|        4
15   |    genblk1_12_FA1|FullAdder__0_85 |    1|        4
16   |    genblk1_13_FA1|FullAdder__0_83 |    1|        4
17   |    genblk1_14_FA1|FullAdder__0_81 |    1|        4
18   |    genblk1_15_FA1|FullAdder__0_79 |    1|        4
19   |  RCA1            |RCA16           |   16|       68
20   |    genblk1_0_FA1 |FullAdder__0_49 |    1|        4
21   |    genblk1_1_FA1 |FullAdder__0_51 |    1|        4
22   |    genblk1_2_FA1 |FullAdder__0_53 |    1|        4
23   |    genblk1_3_FA1 |FullAdder__0_55 |    1|        4
24   |    genblk1_4_FA1 |FullAdder__0_57 |    1|        4
25   |    genblk1_5_FA1 |FullAdder__0_59 |    1|        4
26   |    genblk1_6_FA1 |FullAdder__0_61 |    1|        4
27   |    genblk1_7_FA1 |FullAdder__0_63 |    1|        4
28   |    genblk1_8_FA1 |FullAdder__0_65 |    1|        4
29   |    genblk1_9_FA1 |FullAdder__0_67 |    1|        4
30   |    genblk1_10_FA1|FullAdder__0_69 |    1|        4
31   |    genblk1_11_FA1|FullAdder__0_71 |    1|        4
32   |    genblk1_12_FA1|FullAdder__0_73 |    1|        4
33   |    genblk1_13_FA1|FullAdder__0_75 |    1|        4
34   |    genblk1_14_FA1|FullAdder__0_77 |    1|        4
35   |    genblk1_15_FA1|FullAdder       |    1|        4
36   |  h1              |ha__0_5         |    2|        3
37   |  OverFlow        |overflow        |    4|        3
38   |  genblk1_0_h2    |ha__0_8         |    2|        3
39   |  genblk1_1_h2    |ha__0_11        |    2|        3
40   |  genblk1_2_h2    |ha__0_14        |    2|        3
41   |  genblk1_3_h2    |ha__0_17        |    2|        3
42   |  genblk1_4_h2    |ha__0_20        |    2|        3
43   |  genblk1_5_h2    |ha__0_23        |    2|        3
44   |  genblk1_6_h2    |ha__0_26        |    2|        3
45   |  genblk1_7_h2    |ha__0_29        |    2|        3
46   |  genblk1_8_h2    |ha__0_32        |    2|        3
47   |  genblk1_9_h2    |ha__0_35        |    2|        3
48   |  genblk1_10_h2   |ha__0_38        |    2|        3
49   |  genblk1_11_h2   |ha__0_41        |    2|        3
50   |  genblk1_12_h2   |ha__0_44        |    2|        3
51   |  genblk1_13_h2   |ha__0_47        |    2|        3
52   |  genblk1_14_h2   |ha              |    2|        3
-----+------------------+----------------+-----+---------
