warning: No library characterized for (process = 1.00 voltage = 0.85 temperature = 25.00) can be found in the database for power domain '/PD_TOP'  [NL-174]
Report Power (instances with prefix '*' are included in total) : 
-----+--------------+--------------------+---------------------+-------------------+-----------------
     | Instance     | Internal Power(uw) | Switching Power(uw) | Leakage Power(uw) | Total Power(uw) 
-----+--------------+--------------------+---------------------+-------------------+-----------------
1    |*RCA2         |            2.880373|             2.479774|           1.212196|         6.572343
2    |*RCA1         |            2.948906|             4.009927|           1.212196|         8.171029
3    |*h1           |            0.124736|             0.253468|           0.061230|         0.439433
4    |*OverFlow     |            0.127820|             0.223640|           0.091374|         0.442834
5    |*i_0_0_0      |            0.070307|             0.186468|           0.022695|         0.279471
6    |*genblk1_0_h2 |            0.113488|             0.225721|           0.061230|         0.400439
7    |*genblk1_1_h2 |            0.107820|             0.207646|           0.061230|         0.376695
8    |*genblk1_2_h2 |            0.106488|             0.197727|           0.061230|         0.365445
9    |*genblk1_3_h2 |            0.106732|             0.192383|           0.061230|         0.360345
10   |*genblk1_4_h2 |            0.107218|             0.189869|           0.061230|         0.358317
11   |*genblk1_5_h2 |            0.107578|             0.188500|           0.061230|         0.357308
12   |*genblk1_6_h2 |            0.107792|             0.187880|           0.061230|         0.356901
13   |*genblk1_7_h2 |            0.107908|             0.187534|           0.061230|         0.356672
14   |*genblk1_8_h2 |            0.107968|             0.187331|           0.061230|         0.356529
15   |*genblk1_9_h2 |            0.107998|             0.187185|           0.061230|         0.356413
16   |*genblk1_10_h2|            0.108015|             0.187270|           0.061230|         0.356514
17   |*genblk1_11_h2|            0.108022|             0.187188|           0.061230|         0.356440
18   |*genblk1_12_h2|            0.108027|             0.187370|           0.061230|         0.356627
19   |*genblk1_13_h2|            0.108029|             0.187365|           0.061230|         0.356623
20   |*genblk1_14_h2|            0.107300|             0.605464|           0.061230|         0.773993
21   |              |                    |                     |                   |                 
22   |*TOTAL        |            7.772523|            10.459711|           3.518137|        21.750370
-----+--------------+--------------------+---------------------+-------------------+-----------------
