Report for group default
Report for group I2R
Report for group I2O
------------------------------------------------------------------------------------------------------------------------------------------------------------
Startpoint: c0
    (Clocked by vsysclk R)
Endpoint: of
    (Clocked by vsysclk R)
Path Group: I2O
Data required time: 19500.0
    (Clock shift: 20000.0, minus Uncertainty: 0.0, plus Latency 0.0, minus Out delay: 500.0)
Data arrival time: 2479.7
Slack: 17020.3
Logic depth: 33
------------------------------------------------------------------------------------------------------------------------------------------------------------
                                                     Arrival               Arc      Net               Net    Total   fan-                                   
Path                     Module/Cell           Edge     Time    Delay    Delay    Delay     Slew     Load     Load    out     Location Power Domain      (V)
                                                        (ps)     (ps)     (ps)     (ps)     (ps)     (ff)     (ff)    (#)      (um,um)                      
------------------------------------------------------------------------------------------------------------------------------------------------------------
c0                       {set_input_delay}        r   1000.0   1000.0   1000.0                        2.2      5.9      1     0,   38                       
RCA1/genblk1_0_FA1/i_0/i_0/A->CO
                         FA_X1                   rr   1049.0     48.8     48.8      0.0      0.0      0.4      4.1      1    38,   38  /PD_TOP        (1.10)
RCA1/genblk1_1_FA1/i_0/i_0/A->CO
                         FA_X1                   rr   1103.9     55.1     54.9      0.2     15.7      0.4      4.1      1    38,   38  /PD_TOP        (1.10)
RCA1/genblk1_2_FA1/i_0/i_0/A->CO
                         FA_X1                   rr   1158.8     54.9     54.9      0.0     15.7      0.4      4.1      1    38,   38  /PD_TOP        (1.10)
RCA1/genblk1_3_FA1/i_0/i_0/A->CO
                         FA_X1                   rr   1213.7     54.9     54.9      0.0     15.7      0.4      4.1      1    38,   38  /PD_TOP        (1.10)
RCA1/genblk1_4_FA1/i_0/i_0/A->CO
                         FA_X1                   rr   1268.6     54.9     54.9      0.0     15.7      0.4      4.1      1    38,   38  /PD_TOP        (1.10)
RCA1/genblk1_5_FA1/i_0/i_0/A->CO
                         FA_X1                   rr   1323.5     54.9     54.9      0.0     15.7      0.4      4.1      1    38,   38  /PD_TOP        (1.10)
RCA1/genblk1_6_FA1/i_0/i_0/A->CO
                         FA_X1                   rr   1378.4     54.9     54.9      0.0     15.7      0.4      4.1      1    38,   38  /PD_TOP        (1.10)
RCA1/genblk1_7_FA1/i_0/i_0/A->CO
                         FA_X1                   rr   1433.3     54.9     54.9      0.0     15.7      0.4      4.1      1    38,   38  /PD_TOP        (1.10)
RCA1/genblk1_8_FA1/i_0/i_0/A->CO
                         FA_X1                   rr   1488.2     54.9     54.9      0.0     15.7      0.4      4.1      1    38,   38  /PD_TOP        (1.10)
RCA1/genblk1_9_FA1/i_0/i_0/A->CO
                         FA_X1                   rr   1543.1     54.9     54.9      0.0     15.7      0.4      4.1      1    38,   38  /PD_TOP        (1.10)
RCA1/genblk1_10_FA1/i_0/i_0/A->CO
                         FA_X1                   rr   1598.0     54.9     54.9      0.0     15.7      0.4      4.1      1    38,   38  /PD_TOP        (1.10)
RCA1/genblk1_11_FA1/i_0/i_0/A->CO
                         FA_X1                   rr   1652.9     54.9     54.9      0.0     15.7      0.4      4.1      1    38,   38  /PD_TOP        (1.10)
RCA1/genblk1_12_FA1/i_0/i_0/A->CO
                         FA_X1                   rr   1707.8     54.9     54.9      0.0     15.7      0.4      4.1      1    38,   38  /PD_TOP        (1.10)
RCA1/genblk1_13_FA1/i_0/i_0/A->CO
                         FA_X1                   rr   1762.7     54.9     54.9      0.0     15.7      0.4      4.1      1    38,   38  /PD_TOP        (1.10)
RCA1/genblk1_14_FA1/i_0/i_0/A->CO
                         FA_X1                   rr   1817.6     54.9     54.9      0.0     15.7      0.4      4.1      1    38,   38  /PD_TOP        (1.10)
RCA1/genblk1_15_FA1/i_0/i_0/A->CO
                         FA_X1                   rr   1877.5     59.9     59.9      0.0     15.7      0.6      5.9      2    38,   38  /PD_TOP        (1.10)
h1/i_0_1/A1->ZN          AND2_X4                 rr   1910.4     32.9     32.9      0.0     19.4      0.5      5.9      2    38,   38  /PD_TOP        (1.10)
genblk1_0_h2/i_0_1/A1->ZN
                         AND2_X4                 rr   1939.3     28.9     28.9      0.0      8.6      0.5      5.9      2    38,   38  /PD_TOP        (1.10)
genblk1_1_h2/i_0_1/A1->ZN
                         AND2_X4                 rr   1968.2     28.9     28.9      0.0      8.6      0.5      5.9      2    38,   38  /PD_TOP        (1.10)
genblk1_2_h2/i_0_1/A1->ZN
                         AND2_X4                 rr   1997.1     28.9     28.9      0.0      8.6      0.5      5.9      2    38,   38  /PD_TOP        (1.10)
genblk1_3_h2/i_0_1/A1->ZN
                         AND2_X4                 rr   2026.0     28.9     28.9      0.0      8.6      0.5      5.9      2    38,   38  /PD_TOP        (1.10)
genblk1_4_h2/i_0_1/A1->ZN
                         AND2_X4                 rr   2054.9     28.9     28.9      0.0      8.6      0.5      5.9      2    38,   38  /PD_TOP        (1.10)
genblk1_5_h2/i_0_1/A1->ZN
                         AND2_X4                 rr   2083.8     28.9     28.9      0.0      8.6      0.5      5.9      2    38,   38  /PD_TOP        (1.10)
genblk1_6_h2/i_0_1/A1->ZN
                         AND2_X4                 rr   2112.7     28.9     28.9      0.0      8.6      0.5      5.9      2    38,   38  /PD_TOP        (1.10)
genblk1_7_h2/i_0_1/A1->ZN
                         AND2_X4                 rr   2141.6     28.9     28.9      0.0      8.6      0.5      5.9      2    38,   38  /PD_TOP        (1.10)
genblk1_8_h2/i_0_1/A1->ZN
                         AND2_X4                 rr   2170.5     28.9     28.9      0.0      8.6      0.5      5.9      2    38,   38  /PD_TOP        (1.10)
genblk1_9_h2/i_0_1/A1->ZN
                         AND2_X4                 rr   2199.4     28.9     28.9      0.0      8.6      0.5      5.9      2    38,   38  /PD_TOP        (1.10)
genblk1_10_h2/i_0_1/A1->ZN
                         AND2_X4                 rr   2228.3     28.9     28.9      0.0      8.6      0.5      5.9      2    38,   38  /PD_TOP        (1.10)
genblk1_11_h2/i_0_1/A1->ZN
                         AND2_X4                 rr   2257.2     28.9     28.9      0.0      8.6      0.5      5.9      2    38,   38  /PD_TOP        (1.10)
genblk1_12_h2/i_0_1/A1->ZN
                         AND2_X4                 rr   2286.1     28.9     28.9      0.0      8.6      0.5      5.9      2    38,   38  /PD_TOP        (1.10)
genblk1_13_h2/i_0_1/A1->ZN
                         AND2_X4                 rr   2315.0     28.9     28.9      0.0      8.6      0.5      5.9      2    38,   38  /PD_TOP        (1.10)
genblk1_14_h2/i_0_0/A->Z XOR2_X2*                rr   2430.8    115.8    115.8      0.0      8.6      0.6     40.0      3    38,   38  /PD_TOP        (1.10)
OverFlow/i_0_3/A3->ZN    OAI33_X1                rf   2479.5     48.7     48.7      0.0     15.3      2.3     12.3      1    38,   38  /PD_TOP        (1.10)
of                                                f   2479.7      0.2               0.2     33.8                             41,    0                       
------------------------------------------------------------------------------------------------------------------------------------------------------------
Report for group R2O
