Report for group default
Report for group I2R
Report for group I2O
------------------------------------------------------------------------------------------------------------------------------------------------------------
Startpoint: x[1]
    (Clocked by vsysclk R)
Endpoint: of
    (Clocked by vsysclk R)
Path Group: I2O
Data required time: 19500.0
    (Clock shift: 20000.0, minus Uncertainty: 0.0, plus Latency 0.0, minus Out delay: 500.0)
Data arrival time: 3762.2
Slack: 15737.8
Logic depth: 33
------------------------------------------------------------------------------------------------------------------------------------------------------------
                                                     Arrival               Arc      Net               Net    Total   fan-                                   
Path                     Module/Cell           Edge     Time    Delay    Delay    Delay     Slew     Load     Load    out     Location Power Domain      (V)
                                                        (ps)     (ps)     (ps)     (ps)     (ps)     (ff)     (ff)    (#)      (um,um)                      
------------------------------------------------------------------------------------------------------------------------------------------------------------
x[1]                     {set_input_delay}        r   1000.0   1000.0   1000.0                        2.4      5.8      1    81,   39                       
f1/i_0/i_0/B->S          FA_X1                   rf   1090.9     90.9     90.7      0.2      0.0      0.4      3.1      1    40,   40  /PD_TOP        (1.10)
rca/genblk1_0_FA/i_0/i_0/CI->CO
                         FA_X1                   ff   1162.6     71.7     71.7      0.0     16.5      0.4      4.1      1    40,   40  /PD_TOP        (1.10)
rca/genblk1_1_FA/i_0/i_0/A->CO
                         FA_X1                   ff   1244.3     81.7     81.7      0.0     16.6      0.4      4.1      1    40,   40  /PD_TOP        (1.10)
rca/genblk1_2_FA/i_0/i_0/A->CO
                         FA_X1                   ff   1326.0     81.7     81.7      0.0     16.6      0.4      4.1      1    40,   40  /PD_TOP        (1.10)
rca/genblk1_3_FA/i_0/i_0/A->CO
                         FA_X1                   ff   1407.7     81.7     81.7      0.0     16.6      0.4      4.1      1    40,   40  /PD_TOP        (1.10)
rca/genblk1_4_FA/i_0/i_0/A->CO
                         FA_X1                   ff   1489.4     81.7     81.7      0.0     16.6      0.4      4.1      1    40,   40  /PD_TOP        (1.10)
rca/genblk1_5_FA/i_0/i_0/A->CO
                         FA_X1                   ff   1571.1     81.7     81.7      0.0     16.6      0.4      4.1      1    40,   40  /PD_TOP        (1.10)
rca/genblk1_6_FA/i_0/i_0/A->CO
                         FA_X1                   ff   1652.8     81.7     81.7      0.0     16.6      0.4      4.1      1    40,   40  /PD_TOP        (1.10)
rca/genblk1_7_FA/i_0/i_0/A->CO
                         FA_X1                   ff   1734.5     81.7     81.7      0.0     16.6      0.4      4.1      1    40,   40  /PD_TOP        (1.10)
rca/genblk1_8_FA/i_0/i_0/A->CO
                         FA_X1                   ff   1816.2     81.7     81.7      0.0     16.6      0.4      4.1      1    40,   40  /PD_TOP        (1.10)
rca/genblk1_9_FA/i_0/i_0/A->CO
                         FA_X1                   ff   1897.9     81.7     81.7      0.0     16.6      0.4      4.1      1    40,   40  /PD_TOP        (1.10)
rca/genblk1_10_FA/i_0/i_0/A->CO
                         FA_X1                   ff   1979.6     81.7     81.7      0.0     16.6      0.4      4.1      1    40,   40  /PD_TOP        (1.10)
rca/genblk1_11_FA/i_0/i_0/A->CO
                         FA_X1                   ff   2061.3     81.7     81.7      0.0     16.6      0.4      4.1      1    40,   40  /PD_TOP        (1.10)
rca/genblk1_12_FA/i_0/i_0/A->CO
                         FA_X1                   ff   2143.0     81.7     81.7      0.0     16.6      0.4      4.1      1    40,   40  /PD_TOP        (1.10)
rca/genblk1_13_FA/i_0/i_0/A->CO
                         FA_X1                   ff   2224.7     81.7     81.7      0.0     16.6      0.4      4.1      1    40,   40  /PD_TOP        (1.10)
rca/genblk1_14_FA/i_0/i_0/A->CO
                         FA_X1                   ff   2306.4     81.7     81.7      0.0     16.6      0.4      4.1      1    40,   40  /PD_TOP        (1.10)
rca/genblk1_15_FA/i_0/i_0/A->CO
                         FA_X1                   ff   2388.1     81.7     81.7      0.0     16.6      0.4      4.1      1    40,   40  /PD_TOP        (1.10)
rca/genblk1_16_FA/i_0/i_0/A->CO
                         FA_X1                   ff   2469.8     81.7     81.7      0.0     16.6      0.4      4.1      1    40,   40  /PD_TOP        (1.10)
rca/genblk1_17_FA/i_0/i_0/A->CO
                         FA_X1                   ff   2551.5     81.7     81.7      0.0     16.6      0.4      4.1      1    40,   40  /PD_TOP        (1.10)
rca/genblk1_18_FA/i_0/i_0/A->CO
                         FA_X1                   ff   2633.2     81.7     81.7      0.0     16.6      0.4      4.1      1    40,   40  /PD_TOP        (1.10)
rca/genblk1_19_FA/i_0/i_0/A->CO
                         FA_X1                   ff   2714.9     81.7     81.7      0.0     16.6      0.4      4.1      1    40,   40  /PD_TOP        (1.10)
rca/genblk1_20_FA/i_0/i_0/A->CO
                         FA_X1                   ff   2796.6     81.7     81.7      0.0     16.6      0.4      4.1      1    40,   40  /PD_TOP        (1.10)
rca/genblk1_21_FA/i_0/i_0/A->CO
                         FA_X1                   ff   2878.3     81.7     81.7      0.0     16.6      0.4      4.1      1    40,   40  /PD_TOP        (1.10)
rca/genblk1_22_FA/i_0/i_0/A->CO
                         FA_X1                   ff   2960.0     81.7     81.7      0.0     16.6      0.4      4.1      1    40,   40  /PD_TOP        (1.10)
rca/genblk1_23_FA/i_0/i_0/A->CO
                         FA_X1                   ff   3041.7     81.7     81.7      0.0     16.6      0.4      4.1      1    40,   40  /PD_TOP        (1.10)
rca/genblk1_24_FA/i_0/i_0/A->CO
                         FA_X1                   ff   3123.4     81.7     81.7      0.0     16.6      0.4      4.1      1    40,   40  /PD_TOP        (1.10)
rca/genblk1_25_FA/i_0/i_0/A->CO
                         FA_X1                   ff   3205.1     81.7     81.7      0.0     16.6      0.4      4.1      1    40,   40  /PD_TOP        (1.10)
rca/genblk1_26_FA/i_0/i_0/A->CO
                         FA_X1                   ff   3286.8     81.7     81.7      0.0     16.6      0.4      4.1      1    40,   40  /PD_TOP        (1.10)
rca/genblk1_27_FA/i_0/i_0/A->CO
                         FA_X1                   ff   3368.5     81.7     81.7      0.0     16.6      0.4      4.1      1    40,   40  /PD_TOP        (1.10)
rca/genblk1_28_FA/i_0/i_0/A->CO
                         FA_X1                   ff   3450.2     81.7     81.7      0.0     16.6      0.4      4.1      1    40,   40  /PD_TOP        (1.10)
rca/genblk1_29_FA/i_0/i_0/A->CO
                         FA_X1                   ff   3531.9     81.7     81.7      0.0     16.6      0.4      4.1      1    40,   40  /PD_TOP        (1.10)
rca/genblk1_30_FA/i_0/i_0/A->S
                         FA_X1*                  fr   3713.1    181.2    181.2      0.0     16.6      0.7     40.2      3    40,   40  /PD_TOP        (1.10)
overFlow/i_0_3/A3->ZN    OAI33_X1                rf   3762.0     48.9     48.9      0.0     15.3      2.4     12.4      1    40,   40  /PD_TOP        (1.10)
of                                                f   3762.2      0.2               0.2     34.0                             81,   42                       
------------------------------------------------------------------------------------------------------------------------------------------------------------
Report for group R2O
