Report Physical info: 
------------------------+---------------+-----------+------------
                        |               |Area (squm)|Leakage (uW)
------------------------+---------------+-----------+------------
Design Name             |integrationMult|           |            
  Total Instances       |           1099|       2312|      45.639
    Macros              |              0|          0|       0.000
    Pads                |              0|          0|       0.000
    Phys                |              0|          0|       0.000
    Blackboxes          |              0|          0|       0.000
    Cells               |           1099|       2312|      45.639
      Buffers           |              0|          0|       0.000
      Inverters         |            129|         69|       1.852
      Clock-Gates       |              7|         28|       0.414
      Combinational     |            698|       1017|      22.408
      Latches           |              0|          0|       0.000
      FlipFlops         |            265|       1198|      20.965
       Single-Bit FF    |            265|       1198|      20.965
       Multi-Bit FF     |              0|          0|       0.000
       Clock-Gated      |            263|           |            
       Bits             |            265|       1198|      20.965
         Load-Enabled   |              0|           |            
         Clock-Gated    |            263|           |            
  Tristate Pin Count    |              0|           |            
Physical Info           |Placed         |           |            
  Chip Size (mm x mm)   |0.122 x 0.122  |      14900|            
  Fixed Cell Area       |               |          0|            
    Phys Only           |              0|          0|            
  Placeable Area        |               |       3816|            
  Movable Cell Area     |               |       2312|            
  Utilization (%)       |             60|           |            
  Chip Utilization (%)  |             60|           |            
  Total Wire Length (mm)|          8.741|           |            
  Longest Wire (mm)     |          0.074|           |            
  Average Wire (mm)     |          0.067|           |            
------------------------+---------------+-----------+------------
