Report for group default
------------------------------------------------------------------------------------------------------------------------------------------------------------
Startpoint: regA/out_reg[31]/Q
    (Clocked by sysclk R)
Endpoint: SM/result_reg[63]/D
    (Clocked by sysclk R)
Path Group: default
Data required time: 3962.0
    (Clock shift: 4000.0, minus Uncertainty: 0.0, plus Latency 0.0, minus Setup time: 38.0)
Data arrival time: 2759.8
Slack: 1202.2
Logic depth: 37
------------------------------------------------------------------------------------------------------------------------------------------------------------
                                                     Arrival               Arc      Net               Net    Total   fan-                                   
Path                     Module/Cell           Edge     Time    Delay    Delay    Delay     Slew     Load     Load    out     Location Power Domain      (V)
                                                        (ps)     (ps)     (ps)     (ps)     (ps)     (ff)     (ff)    (#)      (um,um)                      
------------------------------------------------------------------------------------------------------------------------------------------------------------
clk                      {create_clock}           r      0.0      0.0      0.0                        0.0      0.0      9   122,   65                       
regA/clk_gate_out_reg/CK->GCK
                         CLKGATETST_X1           rr      0.0      0.0      0.0      0.0      0.0      0.0      0.0     32    61,   61  /PD_TOP        (1.10)
regA/out_reg[31]/CK->Q   DFF_X1*                 rr    165.8    165.8    165.8      0.0      0.0     10.3     87.4     33    61,   61  /PD_TOP        (1.10)
SM/i_1_355/S->Z          MUX2_X2                 rf    246.0     80.2     79.8      0.4     15.3      0.7      6.9      2    61,   61  /PD_TOP        (1.10)
SM/i_9/i_1/A->CO         FA_X1                   ff    323.7     77.7     77.7      0.0     12.5      0.4      3.1      1    61,   61  /PD_TOP        (1.10)
SM/i_9/i_2/CI->CO        FA_X1                   ff    396.2     72.5     72.5      0.0     15.1      0.4      3.1      1    61,   61  /PD_TOP        (1.10)
SM/i_9/i_3/CI->CO        FA_X1                   ff    468.7     72.5     72.5      0.0     15.1      0.4      3.1      1    61,   61  /PD_TOP        (1.10)
SM/i_9/i_4/CI->CO        FA_X1                   ff    541.2     72.5     72.5      0.0     15.1      0.4      3.1      1    61,   61  /PD_TOP        (1.10)
SM/i_9/i_5/CI->CO        FA_X1                   ff    613.7     72.5     72.5      0.0     15.1      0.4      3.1      1    61,   61  /PD_TOP        (1.10)
SM/i_9/i_6/CI->CO        FA_X1                   ff    686.2     72.5     72.5      0.0     15.1      0.4      3.1      1    61,   61  /PD_TOP        (1.10)
SM/i_9/i_7/CI->CO        FA_X1                   ff    758.7     72.5     72.5      0.0     15.1      0.4      3.1      1    61,   61  /PD_TOP        (1.10)
SM/i_9/i_8/CI->CO        FA_X1                   ff    831.2     72.5     72.5      0.0     15.1      0.4      3.1      1    61,   61  /PD_TOP        (1.10)
SM/i_9/i_9/CI->CO        FA_X1                   ff    903.7     72.5     72.5      0.0     15.1      0.4      3.1      1    61,   61  /PD_TOP        (1.10)
SM/i_9/i_10/CI->CO       FA_X1                   ff    976.2     72.5     72.5      0.0     15.1      0.4      3.1      1    61,   61  /PD_TOP        (1.10)
SM/i_9/i_11/CI->CO       FA_X1                   ff   1048.7     72.5     72.5      0.0     15.1      0.4      3.1      1    61,   61  /PD_TOP        (1.10)
SM/i_9/i_12/CI->CO       FA_X1                   ff   1121.2     72.5     72.5      0.0     15.1      0.4      3.1      1    61,   61  /PD_TOP        (1.10)
SM/i_9/i_13/CI->CO       FA_X1                   ff   1193.7     72.5     72.5      0.0     15.1      0.4      3.1      1    61,   61  /PD_TOP        (1.10)
SM/i_9/i_14/CI->CO       FA_X1                   ff   1266.2     72.5     72.5      0.0     15.1      0.4      3.1      1    61,   61  /PD_TOP        (1.10)
SM/i_9/i_15/CI->CO       FA_X1                   ff   1338.7     72.5     72.5      0.0     15.1      0.4      3.1      1    61,   61  /PD_TOP        (1.10)
SM/i_9/i_16/CI->CO       FA_X1                   ff   1411.2     72.5     72.5      0.0     15.1      0.4      3.1      1    61,   61  /PD_TOP        (1.10)
SM/i_9/i_17/CI->CO       FA_X1                   ff   1483.7     72.5     72.5      0.0     15.1      0.4      3.1      1    61,   61  /PD_TOP        (1.10)
SM/i_9/i_18/CI->CO       FA_X1                   ff   1556.2     72.5     72.5      0.0     15.1      0.4      3.1      1    61,   61  /PD_TOP        (1.10)
SM/i_9/i_19/CI->CO       FA_X1                   ff   1628.7     72.5     72.5      0.0     15.1      0.4      3.1      1    61,   61  /PD_TOP        (1.10)
SM/i_9/i_20/CI->CO       FA_X1                   ff   1701.2     72.5     72.5      0.0     15.1      0.4      3.1      1    61,   61  /PD_TOP        (1.10)
SM/i_9/i_21/CI->CO       FA_X1                   ff   1773.7     72.5     72.5      0.0     15.1      0.4      3.1      1    61,   61  /PD_TOP        (1.10)
SM/i_9/i_22/CI->CO       FA_X1                   ff   1846.2     72.5     72.5      0.0     15.1      0.4      3.1      1    61,   61  /PD_TOP        (1.10)
SM/i_9/i_23/CI->CO       FA_X1                   ff   1918.7     72.5     72.5      0.0     15.1      0.4      3.1      1    61,   61  /PD_TOP        (1.10)
SM/i_9/i_24/CI->CO       FA_X1                   ff   1991.2     72.5     72.5      0.0     15.1      0.4      3.1      1    61,   61  /PD_TOP        (1.10)
SM/i_9/i_25/CI->CO       FA_X1                   ff   2063.7     72.5     72.5      0.0     15.1      0.4      3.1      1    61,   61  /PD_TOP        (1.10)
SM/i_9/i_26/CI->CO       FA_X1                   ff   2136.2     72.5     72.5      0.0     15.1      0.4      3.1      1    61,   61  /PD_TOP        (1.10)
SM/i_9/i_27/CI->CO       FA_X1                   ff   2208.7     72.5     72.5      0.0     15.1      0.4      3.1      1    61,   61  /PD_TOP        (1.10)
SM/i_9/i_28/CI->CO       FA_X1                   ff   2281.2     72.5     72.5      0.0     15.1      0.4      3.1      1    61,   61  /PD_TOP        (1.10)
SM/i_9/i_29/CI->CO       FA_X1                   ff   2353.7     72.5     72.5      0.0     15.1      0.4      3.1      1    61,   61  /PD_TOP        (1.10)
SM/i_9/i_30/CI->CO       FA_X1                   ff   2426.2     72.5     72.5      0.0     15.1      0.4      3.1      1    61,   61  /PD_TOP        (1.10)
SM/i_9/i_31/CI->S        FA_X1                   ff   2512.9     86.7     86.7      0.0     15.1      0.3      1.7      1    61,   61  /PD_TOP        (1.10)
SM/i_1_343/B->Z          MUX2_X2                 ff   2584.2     71.3     71.3      0.0     14.8      1.4     14.6      4    61,   61  /PD_TOP        (1.10)
SM/i_11/i_70/A3->ZN      NOR3_X4                 fr   2646.0     61.8     61.8      0.0     16.5      0.6      8.1      2    61,   61  /PD_TOP        (1.10)
SM/i_11/i_68/B->ZN       XNOR2_X2                rf   2678.3     32.3     32.3      0.0     34.4      0.7      8.8      2    61,   61  /PD_TOP        (1.10)
SM/i_1_131/B2->ZN        AOI22_X4                fr   2755.2     76.9     76.9      0.0     15.2      0.3     25.8      1    61,   61  /PD_TOP        (1.10)
SM/i_1_130/A->ZN         INV_X4                  rf   2759.8      4.6      4.6      0.0     50.3      0.3      1.4      1    61,   61  /PD_TOP        (1.10)
SM/result_reg[63]/D      DFF_X1                   f   2759.8      0.0               0.0      3.2                             61,   61  /PD_TOP        (1.10)
------------------------------------------------------------------------------------------------------------------------------------------------------------
Report for group I2R
------------------------------------------------------------------------------------------------------------------------------------------------------------
Startpoint: en
    (Clocked by rtDefaultClock R)
Endpoint: SM/result_reg[63]/D
    (Clocked by sysclk R)
Path Group: I2R
Data required time: 3969.6
    (Clock shift: 4000.0, minus Uncertainty: 0.0, plus Latency 0.0, minus Setup time: 30.4)
Data arrival time: 432.5
Slack: 3537.1
Logic depth: 5
------------------------------------------------------------------------------------------------------------------------------------------------------------
                                                     Arrival               Arc      Net               Net    Total   fan-                                   
Path                     Module/Cell           Edge     Time    Delay    Delay    Delay     Slew     Load     Load    out     Location Power Domain      (V)
                                                        (ps)     (ps)     (ps)     (ps)     (ps)     (ff)     (ff)    (#)      (um,um)                      
------------------------------------------------------------------------------------------------------------------------------------------------------------
en                       {set_input_delay}        f    200.0    200.0    200.0                        5.8     50.7      8   122,   65                       
SM/i_1_311/A->ZN         OAI21_X4*               fr    279.2     79.2     78.7      0.5    100.0      1.1     34.6      4    61,   61  /PD_TOP        (1.10)
SM/i_1_310/A->ZN         INV_X8                  rf    290.2     11.0     11.0      0.0     15.3      1.6     18.6      5    61,   61  /PD_TOP        (1.10)
SM/i_1_132/A1->ZN        NOR2_X4*                fr    385.2     95.0     95.0      0.0      5.1     23.4    265.2     63    61,   61  /PD_TOP        (1.10)
SM/i_1_131/B1->ZN        AOI22_X4                rf    419.6     34.4     33.3      1.1     15.3      0.3     25.8      1    61,   61  /PD_TOP        (1.10)
SM/i_1_130/A->ZN         INV_X4                  fr    432.5     12.9     12.9      0.0     21.8      0.3      1.4      1    61,   61  /PD_TOP        (1.10)
SM/result_reg[63]/D      DFF_X1                   r    432.5      0.0               0.0      4.8                             61,   61  /PD_TOP        (1.10)
------------------------------------------------------------------------------------------------------------------------------------------------------------
Report for group I2O
Report for group R2O
------------------------------------------------------------------------------------------------------------------------------------------------------------
Startpoint: outB/out_reg[30]/Q
    (Clocked by sysclk R)
Endpoint: result[62]
    (Clocked by sysclk R)
Path Group: R2O
Data required time: 3500.0
    (Clock shift: 4000.0, minus Uncertainty: 0.0, plus Latency 0.0, minus Out delay: 500.0)
Data arrival time: 113.6
Slack: 3386.4
Logic depth: 0
------------------------------------------------------------------------------------------------------------------------------------------------------------
                                                     Arrival               Arc      Net               Net    Total   fan-                                   
Path                     Module/Cell           Edge     Time    Delay    Delay    Delay     Slew     Load     Load    out     Location Power Domain      (V)
                                                        (ps)     (ps)     (ps)     (ps)     (ps)     (ff)     (ff)    (#)      (um,um)                      
------------------------------------------------------------------------------------------------------------------------------------------------------------
clk                      {create_clock}           r      0.0      0.0      0.0                        0.0      0.0      9   122,   65                       
outB/clk_gate_out_reg/CK->GCK
                         CLKGATETST_X1           rr      0.0      0.0      0.0      0.0      0.0      0.0      0.0     32    61,   61  /PD_TOP        (1.10)
outB/out_reg[30]/CK->Q   DFF_X1                  rr    112.9    112.9    112.9      0.0      0.0      4.2     14.2      1    61,   61  /PD_TOP        (1.10)
result[62]                                        r    113.6      0.7               0.7     35.3                             74,  122                       
------------------------------------------------------------------------------------------------------------------------------------------------------------
