Report End Points: 
-----+-------+------+-------+------+------+-----+------+------------------+-------------------
     |Group  |Launch|Capture|Shift |Delay |Depth|Slack |Begin Point       |End Point          
-----+-------+------+-------+------+------+-----+------+------------------+-------------------
1    |default|sysclk|sysclk |4000.0|2594.0|   37|1202.2|regA/out_reg[31]/Q|SM/result_reg[63]/D
2    |default|sysclk|sysclk |4000.0|2582.2|   36|1214.0|regA/out_reg[31]/Q|SM/res_reg[62]/D   
3    |default|sysclk|sysclk |4000.0|2578.5|   37|1217.7|regA/out_reg[31]/Q|SM/res_reg[63]/D   
-----+-------+------+-------+------+------+-----+------+------------------+-------------------
Report End Points: 
-----+-----+--------------+-------+------+-----+-----+------+-----------+-------------------
     |Group|Launch        |Capture|Shift |Delay|Depth|Slack |Begin Point|End Point          
-----+-----+--------------+-------+------+-----+-----+------+-----------+-------------------
1    |I2R  |rtDefaultClock|sysclk |4000.0|232.5|    5|3537.1|en         |SM/result_reg[63]/D
2    |I2R  |rtDefaultClock|sysclk |4000.0|232.5|    5|3537.1|en         |SM/result_reg[62]/D
3    |I2R  |rtDefaultClock|sysclk |4000.0|232.5|    5|3537.1|en         |SM/result_reg[61]/D
-----+-----+--------------+-------+------+-----+-----+------+-----------+-------------------
Report End Points: 
-----+-----+------+-------+-----+-----+-----+-----+-----------+---------
     |Group|Launch|Capture|Shift|Delay|Depth|Slack|Begin Point|End Point
-----+-----+------+-------+-----+-----+-----+-----+-----------+---------
1    |I2O  |      |       |     |     |     |     |           |         
-----+-----+------+-------+-----+-----+-----+-----+-----------+---------
Report End Points: 
-----+-----+------+-------+------+-----+-----+------+------------------+----------
     |Group|Launch|Capture|Shift |Delay|Depth|Slack |Begin Point       |End Point 
-----+-----+------+-------+------+-----+-----+------+------------------+----------
1    |R2O  |sysclk|sysclk |4000.0|  0.7|    0|3386.4|outB/out_reg[30]/Q|result[62]
2    |R2O  |sysclk|sysclk |4000.0|  0.7|    0|3386.4|outB/out_reg[27]/Q|result[59]
3    |R2O  |sysclk|sysclk |4000.0|  0.7|    0|3386.5|outB/out_reg[24]/Q|result[56]
-----+-----+------+-------+------+-----+-----+------+------------------+----------
