Report 'report_mcmm_variation': MCMM Variation
Generated on Thu Dec 22 20:10:14 2022
  
---------------------------------------------------------------
| MCMM variability report for design 'integrationMult' (nano) |
|-------------------------------------------------------------|
| MODE CORNER WNS TNS #Endpts WHS THS #Endpts                 | 
---------------------------------------------------------------


info UI33: performed report_mcmm_variation for 0 sec (CPU time: 0 sec; MEM: RSS - 542M, CVMEM - 2401M, PVMEM - 3059M)
Report 'report_path_group': Path Group
Generated on Thu Dec 22 20:10:14 2022
  
-------------------------------------------------------------------------------------------
|                               PATH GROUPS (SETUP) (nano)                                |
|-----------------------------------------------------------------------------------------|
| QOR Weight Margin TNS Range Endpoints Violating Endpoints Violating Endpoints % WNS TNS | 
-------------------------------------------------------------------------------------------


info UI33: performed report_path_group for 0 sec (CPU time: 0 sec; MEM: RSS - 542M, CVMEM - 2401M, PVMEM - 3059M)
SLACK HISTOGRAM
---------------
Select : SELECT_LATE

---------------------------------------------
| Slack           # End Pts Total # End Pts | 
|-------------------------------------------|
| 0.0000 - 2.4990 126       126             | 
| 2.5000 - 4.9990 70        196             | 
---------------------------------------------


info UI33: performed report_slack_histogram for 0 sec (CPU time: 0 sec; MEM: RSS - 542M, CVMEM - 2401M, PVMEM - 3059M)
Report 'report_path_group': Path Group
Generated on Thu Dec 22 20:10:14 2022
  
-------------------------------------------------------------------------------------------
|                                PATH GROUPS (HOLD) (nano)                                |
|-----------------------------------------------------------------------------------------|
| QOR Weight Margin TNS Range Endpoints Violating Endpoints Violating Endpoints % WNS TNS | 
-------------------------------------------------------------------------------------------


info UI33: performed report_path_group for 0 sec (CPU time: 0 sec; MEM: RSS - 542M, CVMEM - 2401M, PVMEM - 3059M)
SLACK HISTOGRAM
---------------
Select : SELECT_EARLY

---------------------------------------------
| Slack           # End Pts Total # End Pts | 
|-------------------------------------------|
| 0.0000 - 0.7490 193       193             | 
| 0.7500 - 1.4990 3         196             | 
---------------------------------------------


info UI33: performed report_slack_histogram for 0 sec (CPU time: 0 sec; MEM: RSS - 542M, CVMEM - 2401M, PVMEM - 3059M)
