Report Instance Areas: 
-----+------------------+----------------+-----+---------
     |Instance          |Module          |Cells|Cell Area
-----+------------------+----------------+-----+---------
1    |top               |                |   68|      238
2    |  rca16           |RCA16__0_94     |   16|       68
3    |    genblk1_0_FA1 |FullAdder__0_93 |    1|        4
4    |    genblk1_1_FA1 |FullAdder__0_91 |    1|        4
5    |    genblk1_2_FA1 |FullAdder__0_89 |    1|        4
6    |    genblk1_3_FA1 |FullAdder__0_87 |    1|        4
7    |    genblk1_4_FA1 |FullAdder__0_85 |    1|        4
8    |    genblk1_5_FA1 |FullAdder__0_83 |    1|        4
9    |    genblk1_6_FA1 |FullAdder__0_81 |    1|        4
10   |    genblk1_7_FA1 |FullAdder__0_79 |    1|        4
11   |    genblk1_8_FA1 |FullAdder__0_77 |    1|        4
12   |    genblk1_9_FA1 |FullAdder__0_75 |    1|        4
13   |    genblk1_10_FA1|FullAdder__0_73 |    1|        4
14   |    genblk1_11_FA1|FullAdder__0_71 |    1|        4
15   |    genblk1_12_FA1|FullAdder__0_69 |    1|        4
16   |    genblk1_13_FA1|FullAdder__0_67 |    1|        4
17   |    genblk1_14_FA1|FullAdder__0_65 |    1|        4
18   |    genblk1_15_FA1|FullAdder__0_63 |    1|        4
19   |  rca16_1         |RCA16__0_127    |   16|       68
20   |    genblk1_0_FA1 |FullAdder__0_126|    1|        4
21   |    genblk1_1_FA1 |FullAdder__0_124|    1|        4
22   |    genblk1_2_FA1 |FullAdder__0_122|    1|        4
23   |    genblk1_3_FA1 |FullAdder__0_120|    1|        4
24   |    genblk1_4_FA1 |FullAdder__0_118|    1|        4
25   |    genblk1_5_FA1 |FullAdder__0_116|    1|        4
26   |    genblk1_6_FA1 |FullAdder__0_114|    1|        4
27   |    genblk1_7_FA1 |FullAdder__0_112|    1|        4
28   |    genblk1_8_FA1 |FullAdder__0_110|    1|        4
29   |    genblk1_9_FA1 |FullAdder__0_108|    1|        4
30   |    genblk1_10_FA1|FullAdder__0_106|    1|        4
31   |    genblk1_11_FA1|FullAdder__0_104|    1|        4
32   |    genblk1_12_FA1|FullAdder__0_102|    1|        4
33   |    genblk1_13_FA1|FullAdder__0_100|    1|        4
34   |    genblk1_14_FA1|FullAdder__0_98 |    1|        4
35   |    genblk1_15_FA1|FullAdder__0_96 |    1|        4
36   |  rca16_0         |RCA16           |   16|       68
37   |    genblk1_0_FA1 |FullAdder__0_33 |    1|        4
38   |    genblk1_1_FA1 |FullAdder__0_35 |    1|        4
39   |    genblk1_2_FA1 |FullAdder__0_37 |    1|        4
40   |    genblk1_3_FA1 |FullAdder__0_39 |    1|        4
41   |    genblk1_4_FA1 |FullAdder__0_41 |    1|        4
42   |    genblk1_5_FA1 |FullAdder__0_43 |    1|        4
43   |    genblk1_6_FA1 |FullAdder__0_45 |    1|        4
44   |    genblk1_7_FA1 |FullAdder__0_47 |    1|        4
45   |    genblk1_8_FA1 |FullAdder__0_49 |    1|        4
46   |    genblk1_9_FA1 |FullAdder__0_51 |    1|        4
47   |    genblk1_10_FA1|FullAdder__0_53 |    1|        4
48   |    genblk1_11_FA1|FullAdder__0_55 |    1|        4
49   |    genblk1_12_FA1|FullAdder__0_57 |    1|        4
50   |    genblk1_13_FA1|FullAdder__0_59 |    1|        4
51   |    genblk1_14_FA1|FullAdder__0_61 |    1|        4
52   |    genblk1_15_FA1|FullAdder       |    1|        4
53   |  OverFlow        |overflow        |    4|        3
54   |  genblk1_0_mux   |Mux2x1__0_3     |    1|        2
55   |  genblk1_1_mux   |Mux2x1__0_5     |    1|        2
56   |  genblk1_2_mux   |Mux2x1__0_7     |    1|        2
57   |  genblk1_3_mux   |Mux2x1__0_9     |    1|        2
58   |  genblk1_4_mux   |Mux2x1__0_11    |    1|        2
59   |  genblk1_5_mux   |Mux2x1__0_13    |    1|        2
60   |  genblk1_6_mux   |Mux2x1__0_15    |    1|        2
61   |  genblk1_7_mux   |Mux2x1__0_17    |    1|        2
62   |  genblk1_8_mux   |Mux2x1__0_19    |    1|        2
63   |  genblk1_9_mux   |Mux2x1__0_21    |    1|        2
64   |  genblk1_10_mux  |Mux2x1__0_23    |    1|        2
65   |  genblk1_11_mux  |Mux2x1__0_25    |    1|        2
66   |  genblk1_12_mux  |Mux2x1__0_27    |    1|        2
67   |  genblk1_13_mux  |Mux2x1__0_29    |    1|        2
68   |  genblk1_14_mux  |Mux2x1__0_31    |    1|        2
69   |  genblk1_15_mux  |Mux2x1          |    1|        2
-----+------------------+----------------+-----+---------
