warning: No library characterized for (process = 1.00 voltage = 0.85 temperature = 25.00) can be found in the database for power domain '/PD_TOP'  [NL-174]
Report Power (instances with prefix '*' are included in total) : 
-----+---------------+--------------------+---------------------+-------------------+-----------------
     | Instance      | Internal Power(uw) | Switching Power(uw) | Leakage Power(uw) | Total Power(uw) 
-----+---------------+--------------------+---------------------+-------------------+-----------------
1    |*rca16         |            2.950020|             4.061110|           1.212196|         8.223325
2    |*rca16_1       |            2.871115|             1.341140|           1.212196|         5.424451
3    |*rca16_0       |            2.873648|             1.511981|           1.212196|         5.597825
4    |*OverFlow      |            0.127821|             0.223865|           0.091374|         0.443060
5    |*genblk1_0_mux |            0.086493|             0.187132|           0.035928|         0.309554
6    |*genblk1_1_mux |            0.086538|             0.188748|           0.035928|         0.311214
7    |*genblk1_2_mux |            0.086536|             0.188679|           0.035928|         0.311144
8    |*genblk1_3_mux |            0.086538|             0.188748|           0.035928|         0.311214
9    |*genblk1_4_mux |            0.086503|             0.187479|           0.035928|         0.309910
10   |*genblk1_5_mux |            0.086503|             0.187501|           0.035928|         0.309932
11   |*genblk1_6_mux |            0.086501|             0.187432|           0.035928|         0.309862
12   |*genblk1_7_mux |            0.086535|             0.188641|           0.035928|         0.311104
13   |*genblk1_8_mux |            0.086500|             0.187372|           0.035928|         0.309800
14   |*genblk1_9_mux |            0.086545|             0.188987|           0.035928|         0.311461
15   |*genblk1_10_mux|            0.086543|             0.188919|           0.035928|         0.311391
16   |*genblk1_11_mux|            0.086545|             0.188987|           0.035928|         0.311461
17   |*genblk1_12_mux|            0.086509|             0.187719|           0.035928|         0.310157
18   |*genblk1_13_mux|            0.086510|             0.187741|           0.035928|         0.310179
19   |*genblk1_14_mux|            0.086508|             0.187672|           0.035928|         0.310109
20   |*genblk1_15_mux|            0.089440|             0.607403|           0.035928|         0.732771
21   |               |                    |                     |                   |                 
22   |*TOTAL         |           10.209851|            10.567257|           4.302817|        25.079926
-----+---------------+--------------------+---------------------+-------------------+-----------------
