Report End Points: 
-----+-------+-------+-------+------+------+-----+-----+------------------+------------------
     |Group  |Launch |Capture|Shift |Delay |Depth|Slack|Begin Point       |End Point         
-----+-------+-------+-------+------+------+-----+-----+------------------+------------------
1    |default|vsysclk|vsysclk|3000.0|2315.1|   34|527.8|mult/out_reg[32]/Q|mult/out_reg[63]/D
2    |default|vsysclk|vsysclk|3000.0|2313.2|   32|530.8|mult/out_reg[32]/Q|mult/out_reg[60]/D
3    |default|vsysclk|vsysclk|3000.0|2295.3|   33|547.6|mult/out_reg[32]/Q|mult/out_reg[61]/D
-----+-------+-------+-------+------+------+-----+-----+------------------+------------------
Report End Points: 
-----+-----+-------+-------+------+-----+-----+------+-----------+------------------
     |Group|Launch |Capture|Shift |Delay|Depth|Slack |Begin Point|End Point         
-----+-----+-------+-------+------+-----+-----+------+-----------+------------------
1    |I2R  |vsysclk|vsysclk|1500.0|  0.5|    0|1270.4|inputA[31] |regA/out_reg[31]/D
2    |I2R  |vsysclk|vsysclk|1500.0|  0.5|    0|1270.4|inputA[29] |regA/out_reg[29]/D
3    |I2R  |vsysclk|vsysclk|1500.0|  0.5|    0|1270.4|inputA[27] |regA/out_reg[27]/D
-----+-----+-------+-------+------+-----+-----+------+-----------+------------------
Report End Points: 
-----+-----+------+-------+-----+-----+-----+-----+-----------+---------
     |Group|Launch|Capture|Shift|Delay|Depth|Slack|Begin Point|End Point
-----+-----+------+-------+-----+-----+-----+-----+-----------+---------
1    |I2O  |      |       |     |     |     |     |           |         
-----+-----+------+-------+-----+-----+-----+-----+-----------+---------
Report End Points: 
-----+-----+-------+-------+------+-----+-----+-----+------------------+----------
     |Group|Launch |Capture|Shift |Delay|Depth|Slack|Begin Point       |End Point 
-----+-----+-------+-------+------+-----+-----+-----+------------------+----------
1    |R2O  |vsysclk|vsysclk|1500.0|  0.4|    0|887.7|outB/out_reg[63]/Q|result[63]
2    |R2O  |vsysclk|vsysclk|1500.0|  0.4|    0|887.7|outB/out_reg[63]/Q|result[62]
3    |R2O  |vsysclk|vsysclk|1500.0|  0.5|    0|903.2|outB/out_reg[61]/Q|result[61]
-----+-----+-------+-------+------+-----+-----+-----+------------------+----------
