Report End Points: 
-----+-------+------+-------+-----+-----+-----+-----+-----------+---------
     |Group  |Launch|Capture|Shift|Delay|Depth|Slack|Begin Point|End Point
-----+-------+------+-------+-----+-----+-----+-----+-----------+---------
1    |default|      |       |     |     |     |     |           |         
-----+-------+------+-------+-----+-----+-----+-----+-----------+---------
Report End Points: 
-----+-----+------+-------+-----+-----+-----+-----+-----------+---------
     |Group|Launch|Capture|Shift|Delay|Depth|Slack|Begin Point|End Point
-----+-----+------+-------+-----+-----+-----+-----+-----------+---------
1    |I2R  |      |       |     |     |     |     |           |         
-----+-----+------+-------+-----+-----+-----+-----+-----------+---------
Report End Points: 
-----+-----+-------+-------+-------+------+-----+-------+-----------+---------
     |Group|Launch |Capture|Shift  |Delay |Depth|Slack  |Begin Point|End Point
-----+-----+-------+-------+-------+------+-----+-------+-----------+---------
1    |I2O  |vsysclk|vsysclk|20000.0|3223.7|   41|15276.3|in1[0]     |of       
2    |I2O  |vsysclk|vsysclk|20000.0|3068.8|   39|15431.2|in1[0]     |sum[31]  
3    |I2O  |vsysclk|vsysclk|20000.0|2986.6|   39|15513.4|in1[0]     |c_out    
-----+-----+-------+-------+-------+------+-----+-------+-----------+---------
Report End Points: 
-----+-----+------+-------+-----+-----+-----+-----+-----------+---------
     |Group|Launch|Capture|Shift|Delay|Depth|Slack|Begin Point|End Point
-----+-----+------+-------+-----+-----+-----+-----+-----------+---------
1    |R2O  |      |       |     |     |     |     |           |         
-----+-----+------+-------+-----+-----+-----+-----+-----------+---------
