warning: No library characterized for (process = 1.00 voltage = 0.85 temperature = 25.00) can be found in the database for power domain '/PD_TOP'  [NL-174]
Report Power (instances with prefix '*' are included in total) : 
-----+---------------+--------------------+---------------------+-------------------+-----------------
     | Instance      | Internal Power(uw) | Switching Power(uw) | Leakage Power(uw) | Total Power(uw) 
-----+---------------+--------------------+---------------------+-------------------+-----------------
1    |*OverFlow      |            0.127822|             0.223951|           0.091374|         0.443146
2    |*genblk2_0_MUX |            0.079398|             0.087050|           0.035928|         0.202376
3    |*genblk2_1_MUX |            0.079322|             0.087050|           0.035928|         0.202300
4    |*genblk2_2_MUX |            0.079322|             0.087050|           0.035928|         0.202300
5    |*genblk2_3_MUX |            0.079322|             0.087050|           0.035928|         0.202300
6    |*genblk2_4_MUX |            0.079322|             0.087050|           0.035928|         0.202300
7    |*genblk2_5_MUX |            0.079322|             0.087050|           0.035928|         0.202300
8    |*genblk2_6_MUX |            0.078256|             0.061855|           0.035928|         0.176039
9    |*i_0_0_0       |            0.075605|             0.067697|           0.036441|         0.179743
10   |*i_0_0_1       |            0.075655|             0.064421|           0.036441|         0.176516
11   |*i_0_0_2       |            0.075673|             0.063243|           0.036441|         0.175357
12   |*i_0_0_3       |            0.075682|             0.062602|           0.036441|         0.174726
13   |*i_0_0_4       |            0.013177|             0.009277|           0.032601|         0.055056
14   |*i_0_1_0       |            0.075605|             0.067697|           0.036441|         0.179743
15   |*i_0_1_1       |            0.075655|             0.064421|           0.036441|         0.176516
16   |*i_0_1_2       |            0.075673|             0.063243|           0.036441|         0.175357
17   |*i_0_1_3       |            0.075682|             0.062602|           0.036441|         0.174726
18   |*i_0_1_4       |            0.013177|             0.009277|           0.032601|         0.055056
19   |*i_0_2_0       |            0.075605|             0.067697|           0.036441|         0.179743
20   |*i_0_2_1       |            0.075655|             0.064421|           0.036441|         0.176516
21   |*i_0_2_2       |            0.075673|             0.063243|           0.036441|         0.175357
22   |*i_0_2_3       |            0.075682|             0.062602|           0.036441|         0.174726
23   |*i_0_2_4       |            0.013177|             0.009277|           0.032601|         0.055056
24   |*i_0_3_0       |            0.075605|             0.067697|           0.036441|         0.179743
25   |*i_0_3_1       |            0.075655|             0.064421|           0.036441|         0.176516
26   |*i_0_3_2       |            0.075673|             0.063243|           0.036441|         0.175357
27   |*i_0_3_3       |            0.075682|             0.062602|           0.036441|         0.174726
28   |*i_0_3_4       |            0.013177|             0.009277|           0.032601|         0.055056
29   |*i_0_4_0       |            0.075605|             0.067697|           0.036441|         0.179743
30   |*i_0_4_1       |            0.075655|             0.064421|           0.036441|         0.176516
31   |*i_0_4_2       |            0.075673|             0.063243|           0.036441|         0.175357
32   |*i_0_4_3       |            0.075682|             0.062602|           0.036441|         0.174726
33   |*i_0_4_4       |            0.013177|             0.009277|           0.032601|         0.055056
34   |*i_0_5_0       |            0.075605|             0.067697|           0.036441|         0.179743
35   |*i_0_5_1       |            0.075655|             0.064421|           0.036441|         0.176516
36   |*i_0_5_2       |            0.075673|             0.063243|           0.036441|         0.175357
37   |*i_0_5_3       |            0.075682|             0.062602|           0.036441|         0.174726
38   |*i_0_5_4       |            0.013177|             0.009277|           0.032601|         0.055056
39   |*i_0_6_0       |            0.075605|             0.067697|           0.036441|         0.179743
40   |*i_0_6_1       |            0.075655|             0.064421|           0.036441|         0.176516
41   |*i_0_6_2       |            0.075673|             0.063243|           0.036441|         0.175357
42   |*i_0_6_3       |            0.075682|             0.062602|           0.036441|         0.174726
43   |*i_0_6_4       |            0.013177|             0.009277|           0.032601|         0.055056
44   |*genblk1_7_CBPA|            0.743149|             1.544618|           0.303049|         2.590816
45   |*genblk1_6_CBPA|            0.736439|             0.961491|           0.303049|         2.000979
46   |*genblk1_5_CBPA|            0.736434|             0.961259|           0.303049|         2.000742
47   |*genblk1_4_CBPA|            0.736418|             0.960531|           0.303049|         1.999999
48   |*genblk1_3_CBPA|            0.736414|             0.960300|           0.303049|         1.999763
49   |*genblk1_2_CBPA|            0.736398|             0.959572|           0.303049|         1.999019
50   |*genblk1_1_CBPA|            0.736394|             0.959340|           0.303049|         1.998783
51   |*genblk1_0_CBPA|            0.737273|             0.958612|           0.303049|         1.998934
52   |               |                    |                     |                   |                 
53   |*TOTAL         |            8.791544|            10.944514|           4.015822|        23.751881
-----+---------------+--------------------+---------------------+-------------------+-----------------
