Report for group default
Report for group I2R
Report for group I2O
------------------------------------------------------------------------------------------------------------------------------------------------------------
Startpoint: in1[0]
    (Clocked by vsysclk R)
Endpoint: of
    (Clocked by vsysclk R)
Path Group: I2O
Data required time: 19500.0
    (Clock shift: 20000.0, minus Uncertainty: 0.0, plus Latency 0.0, minus Out delay: 500.0)
Data arrival time: 4223.7
Slack: 15276.3
Logic depth: 41
------------------------------------------------------------------------------------------------------------------------------------------------------------
                                                     Arrival               Arc      Net               Net    Total   fan-                                   
Path                     Module/Cell           Edge     Time    Delay    Delay    Delay     Slew     Load     Load    out     Location Power Domain      (V)
                                                        (ps)     (ps)     (ps)     (ps)     (ps)     (ff)     (ff)    (#)      (um,um)                      
------------------------------------------------------------------------------------------------------------------------------------------------------------
in1[0]                   {set_input_delay}        f   1000.0   1000.0   1000.0                        2.3      9.2      2    78,   37                       
genblk1_0_CBPA/genblk1_0_FA/i_0/i_0/B->CO
                         FA_X1                   ff   1077.7     77.5     77.5      0.0      0.0      0.4      4.1      1    40,   39  /PD_TOP        (1.10)
genblk1_0_CBPA/genblk1_1_FA/i_0/i_0/A->CO
                         FA_X1                   ff   1159.4     81.7     81.7      0.0     16.6      0.4      4.1      1    40,   39  /PD_TOP        (1.10)
genblk1_0_CBPA/genblk1_2_FA/i_0/i_0/A->CO
                         FA_X1                   ff   1241.1     81.7     81.7      0.0     16.6      0.4      4.1      1    40,   39  /PD_TOP        (1.10)
genblk1_0_CBPA/genblk1_3_FA/i_0/i_0/A->CO
                         FA_X1                   ff   1315.6     74.5     74.5      0.0     16.6      0.3      1.6      1    40,   39  /PD_TOP        (1.10)
genblk2_0_MUX/i_0_0/A->Z MUX2_X2                 ff   1376.0     60.4     60.4      0.0     12.7      0.7      5.8      2    40,   39  /PD_TOP        (1.10)
genblk1_1_CBPA/genblk1_0_FA/i_0/i_0/A->CO
                         FA_X1                   ff   1456.1     80.1     80.1      0.0     11.9      0.4      4.1      1    40,   39  /PD_TOP        (1.10)
genblk1_1_CBPA/genblk1_1_FA/i_0/i_0/A->CO
                         FA_X1                   ff   1537.8     81.7     81.7      0.0     16.6      0.4      4.1      1    40,   39  /PD_TOP        (1.10)
genblk1_1_CBPA/genblk1_2_FA/i_0/i_0/A->CO
                         FA_X1                   ff   1619.5     81.7     81.7      0.0     16.6      0.4      4.1      1    40,   39  /PD_TOP        (1.10)
genblk1_1_CBPA/genblk1_3_FA/i_0/i_0/A->CO
                         FA_X1                   ff   1694.0     74.5     74.5      0.0     16.6      0.3      1.6      1    40,   39  /PD_TOP        (1.10)
genblk2_1_MUX/i_0_0/A->Z MUX2_X2                 ff   1754.4     60.4     60.4      0.0     12.7      0.7      5.8      2    40,   39  /PD_TOP        (1.10)
genblk1_2_CBPA/genblk1_0_FA/i_0/i_0/A->CO
                         FA_X1                   ff   1834.5     80.1     80.1      0.0     11.9      0.4      4.1      1    40,   39  /PD_TOP        (1.10)
genblk1_2_CBPA/genblk1_1_FA/i_0/i_0/A->CO
                         FA_X1                   ff   1916.2     81.7     81.7      0.0     16.6      0.4      4.1      1    40,   39  /PD_TOP        (1.10)
genblk1_2_CBPA/genblk1_2_FA/i_0/i_0/A->CO
                         FA_X1                   ff   1997.9     81.7     81.7      0.0     16.6      0.4      4.1      1    40,   39  /PD_TOP        (1.10)
genblk1_2_CBPA/genblk1_3_FA/i_0/i_0/A->CO
                         FA_X1                   ff   2072.4     74.5     74.5      0.0     16.6      0.3      1.6      1    40,   39  /PD_TOP        (1.10)
genblk2_2_MUX/i_0_0/A->Z MUX2_X2                 ff   2132.8     60.4     60.4      0.0     12.7      0.7      5.8      2    40,   39  /PD_TOP        (1.10)
genblk1_3_CBPA/genblk1_0_FA/i_0/i_0/A->CO
                         FA_X1                   ff   2212.9     80.1     80.1      0.0     11.9      0.4      4.1      1    40,   39  /PD_TOP        (1.10)
genblk1_3_CBPA/genblk1_1_FA/i_0/i_0/A->CO
                         FA_X1                   ff   2294.6     81.7     81.7      0.0     16.6      0.4      4.1      1    40,   39  /PD_TOP        (1.10)
genblk1_3_CBPA/genblk1_2_FA/i_0/i_0/A->CO
                         FA_X1                   ff   2376.3     81.7     81.7      0.0     16.6      0.4      4.1      1    40,   39  /PD_TOP        (1.10)
genblk1_3_CBPA/genblk1_3_FA/i_0/i_0/A->CO
                         FA_X1                   ff   2450.8     74.5     74.5      0.0     16.6      0.3      1.6      1    40,   39  /PD_TOP        (1.10)
genblk2_3_MUX/i_0_0/A->Z MUX2_X2                 ff   2511.2     60.4     60.4      0.0     12.7      0.7      5.8      2    40,   39  /PD_TOP        (1.10)
genblk1_4_CBPA/genblk1_0_FA/i_0/i_0/A->CO
                         FA_X1                   ff   2591.3     80.1     80.1      0.0     11.9      0.4      4.1      1    40,   39  /PD_TOP        (1.10)
genblk1_4_CBPA/genblk1_1_FA/i_0/i_0/A->CO
                         FA_X1                   ff   2673.0     81.7     81.7      0.0     16.6      0.4      4.1      1    40,   39  /PD_TOP        (1.10)
genblk1_4_CBPA/genblk1_2_FA/i_0/i_0/A->CO
                         FA_X1                   ff   2754.7     81.7     81.7      0.0     16.6      0.4      4.1      1    40,   39  /PD_TOP        (1.10)
genblk1_4_CBPA/genblk1_3_FA/i_0/i_0/A->CO
                         FA_X1                   ff   2829.2     74.5     74.5      0.0     16.6      0.3      1.6      1    40,   39  /PD_TOP        (1.10)
genblk2_4_MUX/i_0_0/A->Z MUX2_X2                 ff   2889.6     60.4     60.4      0.0     12.7      0.7      5.8      2    40,   39  /PD_TOP        (1.10)
genblk1_5_CBPA/genblk1_0_FA/i_0/i_0/A->CO
                         FA_X1                   ff   2969.7     80.1     80.1      0.0     11.9      0.4      4.1      1    40,   39  /PD_TOP        (1.10)
genblk1_5_CBPA/genblk1_1_FA/i_0/i_0/A->CO
                         FA_X1                   ff   3051.4     81.7     81.7      0.0     16.6      0.4      4.1      1    40,   39  /PD_TOP        (1.10)
genblk1_5_CBPA/genblk1_2_FA/i_0/i_0/A->CO
                         FA_X1                   ff   3133.1     81.7     81.7      0.0     16.6      0.4      4.1      1    40,   39  /PD_TOP        (1.10)
genblk1_5_CBPA/genblk1_3_FA/i_0/i_0/A->CO
                         FA_X1                   ff   3207.6     74.5     74.5      0.0     16.6      0.3      1.6      1    40,   39  /PD_TOP        (1.10)
genblk2_5_MUX/i_0_0/A->Z MUX2_X2                 ff   3268.0     60.4     60.4      0.0     12.7      0.7      5.8      2    40,   39  /PD_TOP        (1.10)
genblk1_6_CBPA/genblk1_0_FA/i_0/i_0/A->CO
                         FA_X1                   ff   3348.1     80.1     80.1      0.0     11.9      0.4      4.1      1    40,   39  /PD_TOP        (1.10)
genblk1_6_CBPA/genblk1_1_FA/i_0/i_0/A->CO
                         FA_X1                   ff   3429.8     81.7     81.7      0.0     16.6      0.4      4.1      1    40,   39  /PD_TOP        (1.10)
genblk1_6_CBPA/genblk1_2_FA/i_0/i_0/A->CO
                         FA_X1                   ff   3511.5     81.7     81.7      0.0     16.6      0.4      4.1      1    40,   39  /PD_TOP        (1.10)
genblk1_6_CBPA/genblk1_3_FA/i_0/i_0/A->CO
                         FA_X1                   ff   3586.0     74.5     74.5      0.0     16.6      0.3      1.6      1    40,   39  /PD_TOP        (1.10)
genblk2_6_MUX/i_0_0/A->Z MUX2_X2                 ff   3644.3     58.3     58.3      0.0     12.7      0.3      4.1      1    40,   39  /PD_TOP        (1.10)
genblk1_7_CBPA/genblk1_0_FA/i_0/i_0/A->CO
                         FA_X1                   ff   3724.1     79.8     79.8      0.0     11.0      0.4      4.1      1    40,   39  /PD_TOP        (1.10)
genblk1_7_CBPA/genblk1_1_FA/i_0/i_0/A->CO
                         FA_X1                   ff   3805.8     81.7     81.7      0.0     16.6      0.4      4.1      1    40,   39  /PD_TOP        (1.10)
genblk1_7_CBPA/genblk1_2_FA/i_0/i_0/A->CO
                         FA_X1                   ff   3887.5     81.7     81.7      0.0     16.6      0.4      4.1      1    40,   39  /PD_TOP        (1.10)
genblk1_7_CBPA/genblk1_3_FA/i_0/i_0/A->S
                         FA_X1*                  fr   4068.6    181.1    181.1      0.0     16.6      0.7     40.1      3    40,   39  /PD_TOP        (1.10)
OverFlow/i_0_2/A->ZN     INV_X8                  rf   4074.8      6.2      6.2      0.0     15.3      0.3      2.0      1    40,   39  /PD_TOP        (1.10)
OverFlow/i_0_3/B1->ZN    OAI33_X1                fr   4223.5    148.7    148.7      0.0      3.2      2.4     12.4      1    40,   39  /PD_TOP        (1.10)
of                                                r   4223.7      0.2               0.2    138.7                             78,   36                       
------------------------------------------------------------------------------------------------------------------------------------------------------------
Report for group R2O
