Report for group default
Report for group I2R
Report for group I2O
------------------------------------------------------------------------------------------------------------------------------------------------------------
Startpoint: A[0]
    (Clocked by vsysclk R)
Endpoint: of
    (Clocked by vsysclk R)
Path Group: I2O
Data required time: 19500.0
    (Clock shift: 20000.0, minus Uncertainty: 0.0, plus Latency 0.0, minus Out delay: 500.0)
Data arrival time: 3534.3
Slack: 15965.7
Logic depth: 34
------------------------------------------------------------------------------------------------------------------------------------------------------------
                                                     Arrival               Arc      Net               Net    Total   fan-                                   
Path                     Module/Cell           Edge     Time    Delay    Delay    Delay     Slew     Load     Load    out     Location Power Domain      (V)
                                                        (ps)     (ps)     (ps)     (ps)     (ps)     (ff)     (ff)    (#)      (um,um)                      
------------------------------------------------------------------------------------------------------------------------------------------------------------
A[0]                     {set_input_delay}        f   1000.0   1000.0   1000.0                        2.2      5.6      1    39,    0                       
i_0_0/i_0/B->CO          HA_X1                   ff   1029.2     29.2     29.0      0.2      0.0      0.3      3.1      1    37,   37  /PD_TOP        (1.10)
i_0_0/i_1/CI->CO         FA_X1                   ff   1098.9     69.7     69.7      0.0      7.4      0.4      3.1      1    37,   37  /PD_TOP        (1.10)
i_0_0/i_2/CI->CO         FA_X1                   ff   1171.4     72.5     72.5      0.0     15.1      0.4      3.1      1    37,   37  /PD_TOP        (1.10)
i_0_0/i_3/CI->CO         FA_X1                   ff   1243.9     72.5     72.5      0.0     15.1      0.4      3.1      1    37,   37  /PD_TOP        (1.10)
i_0_0/i_4/CI->CO         FA_X1                   ff   1316.4     72.5     72.5      0.0     15.1      0.4      3.1      1    37,   37  /PD_TOP        (1.10)
i_0_0/i_5/CI->CO         FA_X1                   ff   1388.9     72.5     72.5      0.0     15.1      0.4      3.1      1    37,   37  /PD_TOP        (1.10)
i_0_0/i_6/CI->CO         FA_X1                   ff   1461.4     72.5     72.5      0.0     15.1      0.4      3.1      1    37,   37  /PD_TOP        (1.10)
i_0_0/i_7/CI->CO         FA_X1                   ff   1533.9     72.5     72.5      0.0     15.1      0.4      3.1      1    37,   37  /PD_TOP        (1.10)
i_0_0/i_8/CI->CO         FA_X1                   ff   1606.4     72.5     72.5      0.0     15.1      0.4      3.1      1    37,   37  /PD_TOP        (1.10)
i_0_0/i_9/CI->CO         FA_X1                   ff   1678.9     72.5     72.5      0.0     15.1      0.4      3.1      1    37,   37  /PD_TOP        (1.10)
i_0_0/i_10/CI->CO        FA_X1                   ff   1751.4     72.5     72.5      0.0     15.1      0.4      3.1      1    37,   37  /PD_TOP        (1.10)
i_0_0/i_11/CI->CO        FA_X1                   ff   1823.9     72.5     72.5      0.0     15.1      0.4      3.1      1    37,   37  /PD_TOP        (1.10)
i_0_0/i_12/CI->CO        FA_X1                   ff   1896.4     72.5     72.5      0.0     15.1      0.4      3.1      1    37,   37  /PD_TOP        (1.10)
i_0_0/i_13/CI->CO        FA_X1                   ff   1968.9     72.5     72.5      0.0     15.1      0.4      3.1      1    37,   37  /PD_TOP        (1.10)
i_0_0/i_14/CI->CO        FA_X1                   ff   2041.4     72.5     72.5      0.0     15.1      0.4      3.1      1    37,   37  /PD_TOP        (1.10)
i_0_0/i_15/CI->CO        FA_X1                   ff   2113.9     72.5     72.5      0.0     15.1      0.4      3.1      1    37,   37  /PD_TOP        (1.10)
i_0_0/i_16/CI->CO        FA_X1                   ff   2186.4     72.5     72.5      0.0     15.1      0.4      3.1      1    37,   37  /PD_TOP        (1.10)
i_0_0/i_17/CI->CO        FA_X1                   ff   2258.9     72.5     72.5      0.0     15.1      0.4      3.1      1    37,   37  /PD_TOP        (1.10)
i_0_0/i_18/CI->CO        FA_X1                   ff   2331.4     72.5     72.5      0.0     15.1      0.4      3.1      1    37,   37  /PD_TOP        (1.10)
i_0_0/i_19/CI->CO        FA_X1                   ff   2403.9     72.5     72.5      0.0     15.1      0.4      3.1      1    37,   37  /PD_TOP        (1.10)
i_0_0/i_20/CI->CO        FA_X1                   ff   2476.4     72.5     72.5      0.0     15.1      0.4      3.1      1    37,   37  /PD_TOP        (1.10)
i_0_0/i_21/CI->CO        FA_X1                   ff   2548.9     72.5     72.5      0.0     15.1      0.4      3.1      1    37,   37  /PD_TOP        (1.10)
i_0_0/i_22/CI->CO        FA_X1                   ff   2621.4     72.5     72.5      0.0     15.1      0.4      3.1      1    37,   37  /PD_TOP        (1.10)
i_0_0/i_23/CI->CO        FA_X1                   ff   2693.9     72.5     72.5      0.0     15.1      0.4      3.1      1    37,   37  /PD_TOP        (1.10)
i_0_0/i_24/CI->CO        FA_X1                   ff   2766.4     72.5     72.5      0.0     15.1      0.4      3.1      1    37,   37  /PD_TOP        (1.10)
i_0_0/i_25/CI->CO        FA_X1                   ff   2838.9     72.5     72.5      0.0     15.1      0.4      3.1      1    37,   37  /PD_TOP        (1.10)
i_0_0/i_26/CI->CO        FA_X1                   ff   2911.4     72.5     72.5      0.0     15.1      0.4      3.1      1    37,   37  /PD_TOP        (1.10)
i_0_0/i_27/CI->CO        FA_X1                   ff   2983.9     72.5     72.5      0.0     15.1      0.4      3.1      1    37,   37  /PD_TOP        (1.10)
i_0_0/i_28/CI->CO        FA_X1                   ff   3056.4     72.5     72.5      0.0     15.1      0.4      3.1      1    37,   37  /PD_TOP        (1.10)
i_0_0/i_29/CI->CO        FA_X1                   ff   3128.9     72.5     72.5      0.0     15.1      0.4      3.1      1    37,   37  /PD_TOP        (1.10)
i_0_0/i_30/CI->CO        FA_X1                   ff   3201.4     72.5     72.5      0.0     15.1      0.4      3.1      1    37,   37  /PD_TOP        (1.10)
i_0_0/i_31/CI->S         FA_X1*                  fr   3379.9    178.5    178.5      0.0     15.1      0.7     40.0      3    37,   37  /PD_TOP        (1.10)
OverFlow/i_0_2/A->ZN     INV_X8                  rf   3386.1      6.2      6.2      0.0     15.3      0.3      2.0      1    37,   37  /PD_TOP        (1.10)
OverFlow/i_0_3/B1->ZN    OAI33_X1                fr   3534.1    148.0    148.0      0.0      3.2      2.3     12.3      1    37,   37  /PD_TOP        (1.10)
of                                                r   3534.3      0.2               0.2    138.0                             40,    0                       
------------------------------------------------------------------------------------------------------------------------------------------------------------
Report for group R2O
