warning: No library characterized for (process = 1.00 voltage = 0.85 temperature = 25.00) can be found in the database for power domain '/PD_TOP'  [NL-174]
Report Power (instances with prefix '*' are included in total) : 
-----+--------------+--------------------+---------------------+-------------------+-----------------
     | Instance     | Internal Power(uw) | Switching Power(uw) | Leakage Power(uw) | Total Power(uw) 
-----+--------------+--------------------+---------------------+-------------------+-----------------
1    |*OverFlow     |            0.127820|             0.223640|           0.091374|         0.442834
2    |*genblk1_0_FA |            0.185301|             0.247684|           0.075762|         0.508747
3    |*genblk1_1_FA |            0.184167|             0.247753|           0.075762|         0.507682
4    |*genblk1_2_FA |            0.184167|             0.247753|           0.075762|         0.507682
5    |*genblk1_3_FA |            0.184167|             0.247740|           0.075762|         0.507669
6    |*genblk1_4_FA |            0.184166|             0.247680|           0.075762|         0.507608
7    |*genblk1_5_FA |            0.184167|             0.247748|           0.075762|         0.507678
8    |*genblk1_6_FA |            0.184168|             0.247808|           0.075762|         0.507739
9    |*genblk1_7_FA |            0.184171|             0.247924|           0.075762|         0.507857
10   |*genblk1_8_FA |            0.184171|             0.247924|           0.075762|         0.507857
11   |*genblk1_9_FA |            0.184172|             0.247993|           0.075762|         0.507927
12   |*genblk1_10_FA|            0.184172|             0.247993|           0.075762|         0.507927
13   |*genblk1_11_FA|            0.184172|             0.247980|           0.075762|         0.507914
14   |*genblk1_12_FA|            0.184171|             0.247920|           0.075762|         0.507853
15   |*genblk1_13_FA|            0.184172|             0.247988|           0.075762|         0.507923
16   |*genblk1_14_FA|            0.184173|             0.248048|           0.075762|         0.507984
17   |*genblk1_15_FA|            0.184176|             0.248164|           0.075762|         0.508102
18   |*genblk1_16_FA|            0.184176|             0.248164|           0.075762|         0.508102
19   |*genblk1_17_FA|            0.184177|             0.248232|           0.075762|         0.508172
20   |*genblk1_18_FA|            0.184177|             0.248232|           0.075762|         0.508172
21   |*genblk1_19_FA|            0.184177|             0.248220|           0.075762|         0.508159
22   |*genblk1_20_FA|            0.184176|             0.248160|           0.075762|         0.508098
23   |*genblk1_21_FA|            0.184177|             0.248228|           0.075762|         0.508168
24   |*genblk1_22_FA|            0.184178|             0.248288|           0.075762|         0.508229
25   |*genblk1_23_FA|            0.184181|             0.248404|           0.075762|         0.508347
26   |*genblk1_24_FA|            0.184181|             0.248404|           0.075762|         0.508347
27   |*genblk1_25_FA|            0.184182|             0.248472|           0.075762|         0.508417
28   |*genblk1_26_FA|            0.184182|             0.248472|           0.075762|         0.508417
29   |*genblk1_27_FA|            0.184182|             0.248460|           0.075762|         0.508404
30   |*genblk1_28_FA|            0.184181|             0.248400|           0.075762|         0.508343
31   |*genblk1_29_FA|            0.184182|             0.248468|           0.075762|         0.508412
32   |*genblk1_30_FA|            0.184183|             0.248528|           0.075762|         0.508474
33   |*genblk1_31_FA|            0.190182|             0.791943|           0.075762|         1.057888
34   |              |                    |                     |                   |                 
35   |*TOTAL        |            6.028548|             8.706814|           2.515765|        17.251127
-----+--------------+--------------------+---------------------+-------------------+-----------------
