Report for group default
Report for group I2R
Report for group I2O
------------------------------------------------------------------------------------------------------------------------------------------------------------
Startpoint: cin
    (Clocked by vsysclk R)
Endpoint: of
    (Clocked by vsysclk R)
Path Group: I2O
Data required time: 19500.0
    (Clock shift: 20000.0, minus Uncertainty: 0.0, plus Latency 0.0, minus Out delay: 500.0)
Data arrival time: 2890.9
Slack: 16609.1
Logic depth: 34
------------------------------------------------------------------------------------------------------------------------------------------------------------
                                                     Arrival               Arc      Net               Net    Total   fan-                                   
Path                     Module/Cell           Edge     Time    Delay    Delay    Delay     Slew     Load     Load    out     Location Power Domain      (V)
                                                        (ps)     (ps)     (ps)     (ps)     (ps)     (ff)     (ff)    (#)      (um,um)                      
------------------------------------------------------------------------------------------------------------------------------------------------------------
cin                      {set_input_delay}        r   1000.0   1000.0   1000.0                        2.1      7.6      2     0,   38                       
RCA1/FA1/i_0/i_0/A->CO   FA_X1                   rr   1049.0     49.0     48.8      0.2      0.0      0.4      4.1      1    38,   38  /PD_TOP        (1.10)
RCA1/FA2/i_0/i_0/A->CO   FA_X1                   rr   1103.9     54.9     54.9      0.0     15.7      0.4      4.1      1    38,   38  /PD_TOP        (1.10)
RCA1/FA3/i_0/i_0/A->CO   FA_X1                   rr   1158.8     54.9     54.9      0.0     15.7      0.4      4.1      1    38,   38  /PD_TOP        (1.10)
RCA1/FA4/i_0/i_0/A->CO   FA_X1                   rr   1213.7     54.9     54.9      0.0     15.7      0.4      4.1      1    38,   38  /PD_TOP        (1.10)
RCA1/FA5/i_0/i_0/A->CO   FA_X1                   rr   1268.6     54.9     54.9      0.0     15.7      0.4      4.1      1    38,   38  /PD_TOP        (1.10)
RCA1/FA6/i_0/i_0/A->CO   FA_X1                   rr   1323.5     54.9     54.9      0.0     15.7      0.4      4.1      1    38,   38  /PD_TOP        (1.10)
RCA1/FA7/i_0/i_0/A->CO   FA_X1                   rr   1378.4     54.9     54.9      0.0     15.7      0.4      4.1      1    38,   38  /PD_TOP        (1.10)
RCA1/FA8/i_0/i_0/A->CO   FA_X1                   rr   1433.3     54.9     54.9      0.0     15.7      0.4      4.1      1    38,   38  /PD_TOP        (1.10)
RCA2/FA1/i_0/i_0/A->CO   FA_X1                   rr   1488.2     54.9     54.9      0.0     15.7      0.4      4.1      1    38,   38  /PD_TOP        (1.10)
RCA2/FA2/i_0/i_0/A->CO   FA_X1                   rr   1543.1     54.9     54.9      0.0     15.7      0.4      4.1      1    38,   38  /PD_TOP        (1.10)
RCA2/FA3/i_0/i_0/A->CO   FA_X1                   rr   1598.0     54.9     54.9      0.0     15.7      0.4      4.1      1    38,   38  /PD_TOP        (1.10)
RCA2/FA4/i_0/i_0/A->CO   FA_X1                   rr   1652.9     54.9     54.9      0.0     15.7      0.4      4.1      1    38,   38  /PD_TOP        (1.10)
RCA2/FA5/i_0/i_0/A->CO   FA_X1                   rr   1707.8     54.9     54.9      0.0     15.7      0.4      4.1      1    38,   38  /PD_TOP        (1.10)
RCA2/FA6/i_0/i_0/A->CO   FA_X1                   rr   1762.7     54.9     54.9      0.0     15.7      0.4      4.1      1    38,   38  /PD_TOP        (1.10)
RCA2/FA7/i_0/i_0/A->CO   FA_X1                   rr   1817.6     54.9     54.9      0.0     15.7      0.4      4.1      1    38,   38  /PD_TOP        (1.10)
RCA2/FA8/i_0/i_0/A->CO   FA_X1                   rr   1872.5     54.9     54.9      0.0     15.7      0.4      4.1      1    38,   38  /PD_TOP        (1.10)
RCA3/FA1/i_0/i_0/A->CO   FA_X1                   rr   1927.4     54.9     54.9      0.0     15.7      0.4      4.1      1    38,   38  /PD_TOP        (1.10)
RCA3/FA2/i_0/i_0/A->CO   FA_X1                   rr   1982.3     54.9     54.9      0.0     15.7      0.4      4.1      1    38,   38  /PD_TOP        (1.10)
RCA3/FA3/i_0/i_0/A->CO   FA_X1                   rr   2037.2     54.9     54.9      0.0     15.7      0.4      4.1      1    38,   38  /PD_TOP        (1.10)
RCA3/FA4/i_0/i_0/A->CO   FA_X1                   rr   2092.1     54.9     54.9      0.0     15.7      0.4      4.1      1    38,   38  /PD_TOP        (1.10)
RCA3/FA5/i_0/i_0/A->CO   FA_X1                   rr   2147.0     54.9     54.9      0.0     15.7      0.4      4.1      1    38,   38  /PD_TOP        (1.10)
RCA3/FA6/i_0/i_0/A->CO   FA_X1                   rr   2201.9     54.9     54.9      0.0     15.7      0.4      4.1      1    38,   38  /PD_TOP        (1.10)
RCA3/FA7/i_0/i_0/A->CO   FA_X1                   rr   2256.8     54.9     54.9      0.0     15.7      0.4      4.1      1    38,   38  /PD_TOP        (1.10)
RCA3/FA8/i_0/i_0/A->CO   FA_X1                   rr   2311.7     54.9     54.9      0.0     15.7      0.4      4.1      1    38,   38  /PD_TOP        (1.10)
RCA4/FA1/i_0/i_0/A->CO   FA_X1                   rr   2366.6     54.9     54.9      0.0     15.7      0.4      4.1      1    38,   38  /PD_TOP        (1.10)
RCA4/FA2/i_0/i_0/A->CO   FA_X1                   rr   2421.5     54.9     54.9      0.0     15.7      0.4      4.1      1    38,   38  /PD_TOP        (1.10)
RCA4/FA3/i_0/i_0/A->CO   FA_X1                   rr   2476.4     54.9     54.9      0.0     15.7      0.4      4.1      1    38,   38  /PD_TOP        (1.10)
RCA4/FA4/i_0/i_0/A->CO   FA_X1                   rr   2531.3     54.9     54.9      0.0     15.7      0.4      4.1      1    38,   38  /PD_TOP        (1.10)
RCA4/FA5/i_0/i_0/A->CO   FA_X1                   rr   2586.2     54.9     54.9      0.0     15.7      0.4      4.1      1    38,   38  /PD_TOP        (1.10)
RCA4/FA6/i_0/i_0/A->CO   FA_X1                   rr   2641.1     54.9     54.9      0.0     15.7      0.4      4.1      1    38,   38  /PD_TOP        (1.10)
RCA4/FA7/i_0/i_0/A->CO   FA_X1                   rr   2696.0     54.9     54.9      0.0     15.7      0.4      4.1      1    38,   38  /PD_TOP        (1.10)
RCA4/FA8/i_0/i_0/A->S    FA_X1*                  rf   2835.5    139.5    139.5      0.0     15.7      0.7     40.1      3    38,   38  /PD_TOP        (1.10)
OverFlow/i_0_2/A->ZN     INV_X8                  fr   2847.0     11.5     11.5      0.0     15.3      0.3      2.0      1    38,   38  /PD_TOP        (1.10)
OverFlow/i_0_3/B1->ZN    OAI33_X1                rf   2890.7     43.7     43.7      0.0      4.7      2.3     12.3      1    38,   38  /PD_TOP        (1.10)
of                                                f   2890.9      0.2               0.2     33.7                              0,   40                       
------------------------------------------------------------------------------------------------------------------------------------------------------------
Report for group R2O
