warning: No library characterized for (process = 1.00 voltage = 0.85 temperature = 25.00) can be found in the database for power domain '/PD_TOP'  [NL-174]
Report Power (instances with prefix '*' are included in total) : 
-----+----------+--------------------+---------------------+-------------------+-----------------
     | Instance | Internal Power(uw) | Switching Power(uw) | Leakage Power(uw) | Total Power(uw) 
-----+----------+--------------------+---------------------+-------------------+-----------------
1    |*f31      |            0.181316|             0.105471|           0.075762|         0.362549
2    |*f30      |            0.181316|             0.105471|           0.075762|         0.362549
3    |*f29      |            0.181316|             0.105471|           0.075762|         0.362549
4    |*f28      |            0.181316|             0.105471|           0.075762|         0.362549
5    |*f27      |            0.181316|             0.105471|           0.075762|         0.362549
6    |*f26      |            0.181316|             0.105471|           0.075762|         0.362549
7    |*f25      |            0.181316|             0.105471|           0.075762|         0.362549
8    |*f24      |            0.181316|             0.105471|           0.075762|         0.362549
9    |*f23      |            0.181316|             0.105471|           0.075762|         0.362549
10   |*f22      |            0.181316|             0.105471|           0.075762|         0.362549
11   |*f21      |            0.181316|             0.105471|           0.075762|         0.362549
12   |*f20      |            0.181316|             0.105471|           0.075762|         0.362549
13   |*f19      |            0.181316|             0.105471|           0.075762|         0.362549
14   |*f18      |            0.181316|             0.105471|           0.075762|         0.362549
15   |*f17      |            0.181316|             0.105471|           0.075762|         0.362549
16   |*f16      |            0.181316|             0.105471|           0.075762|         0.362549
17   |*f15      |            0.181316|             0.105471|           0.075762|         0.362549
18   |*f14      |            0.181316|             0.105471|           0.075762|         0.362549
19   |*f13      |            0.181316|             0.105471|           0.075762|         0.362549
20   |*f12      |            0.181316|             0.105471|           0.075762|         0.362549
21   |*f11      |            0.181316|             0.105471|           0.075762|         0.362549
22   |*f10      |            0.181316|             0.105471|           0.075762|         0.362549
23   |*f9       |            0.181316|             0.105471|           0.075762|         0.362549
24   |*f8       |            0.181316|             0.105471|           0.075762|         0.362549
25   |*f7       |            0.181316|             0.105471|           0.075762|         0.362549
26   |*f6       |            0.181316|             0.105471|           0.075762|         0.362549
27   |*f5       |            0.181316|             0.105471|           0.075762|         0.362549
28   |*f4       |            0.181316|             0.105471|           0.075762|         0.362549
29   |*f3       |            0.181316|             0.105471|           0.075762|         0.362549
30   |*f2       |            0.181316|             0.105471|           0.075762|         0.362549
31   |*f1       |            0.181316|             0.105471|           0.075762|         0.362549
32   |*f0       |            0.185315|             0.248308|           0.075762|         0.509386
33   |*rca      |            5.790294|             8.390087|           2.424392|        16.604773
34   |*OverFlow |            0.127826|             0.224643|           0.091374|         0.443843
35   |          |                    |                     |                   |                 
36   |*TOTAL    |           11.724226|            12.132626|           4.940157|        28.797010
-----+----------+--------------------+---------------------+-------------------+-----------------
