Report for group default
Report for group I2R
Report for group I2O
------------------------------------------------------------------------------------------------------------------------------------------------------------
Startpoint: A[0]
    (Clocked by vsysclk R)
Endpoint: of
    (Clocked by vsysclk R)
Path Group: I2O
Data required time: 19500.0
    (Clock shift: 20000.0, minus Uncertainty: 0.0, plus Latency 0.0, minus Out delay: 500.0)
Data arrival time: 2660.2
Slack: 16839.8
Logic depth: 34
------------------------------------------------------------------------------------------------------------------------------------------------------------
                                                     Arrival               Arc      Net               Net    Total   fan-                                   
Path                     Module/Cell           Edge     Time    Delay    Delay    Delay     Slew     Load     Load    out     Location Power Domain      (V)
                                                        (ps)     (ps)     (ps)     (ps)     (ps)     (ff)     (ff)    (#)      (um,um)                      
------------------------------------------------------------------------------------------------------------------------------------------------------------
A[0]                     {set_input_delay}        r   1000.0   1000.0   1000.0                        2.2      5.6      1    39,    0                       
i_0_0/i_0/B->CO          HA_X1                   rr   1032.0     32.0     31.8      0.2      0.0      0.3      3.1      1    37,   37  /PD_TOP        (1.10)
i_0_0/i_1/CI->CO         FA_X1                   rr   1078.9     46.9     46.9      0.0     11.3      0.4      3.1      1    37,   37  /PD_TOP        (1.10)
i_0_0/i_2/CI->CO         FA_X1                   rr   1126.7     47.8     47.8      0.0     13.6      0.4      3.1      1    37,   37  /PD_TOP        (1.10)
i_0_0/i_3/CI->CO         FA_X1                   rr   1174.5     47.8     47.8      0.0     13.6      0.4      3.1      1    37,   37  /PD_TOP        (1.10)
i_0_0/i_4/CI->CO         FA_X1                   rr   1222.3     47.8     47.8      0.0     13.6      0.4      3.1      1    37,   37  /PD_TOP        (1.10)
i_0_0/i_5/CI->CO         FA_X1                   rr   1270.1     47.8     47.8      0.0     13.6      0.4      3.1      1    37,   37  /PD_TOP        (1.10)
i_0_0/i_6/CI->CO         FA_X1                   rr   1317.9     47.8     47.8      0.0     13.6      0.4      3.1      1    37,   37  /PD_TOP        (1.10)
i_0_0/i_7/CI->CO         FA_X1                   rr   1365.7     47.8     47.8      0.0     13.6      0.4      3.1      1    37,   37  /PD_TOP        (1.10)
i_0_0/i_8/CI->CO         FA_X1                   rr   1413.5     47.8     47.8      0.0     13.6      0.4      3.1      1    37,   37  /PD_TOP        (1.10)
i_0_0/i_9/CI->CO         FA_X1                   rr   1461.3     47.8     47.8      0.0     13.6      0.4      3.1      1    37,   37  /PD_TOP        (1.10)
i_0_0/i_10/CI->CO        FA_X1                   rr   1509.1     47.8     47.8      0.0     13.6      0.4      3.1      1    37,   37  /PD_TOP        (1.10)
i_0_0/i_11/CI->CO        FA_X1                   rr   1556.9     47.8     47.8      0.0     13.6      0.4      3.1      1    37,   37  /PD_TOP        (1.10)
i_0_0/i_12/CI->CO        FA_X1                   rr   1604.7     47.8     47.8      0.0     13.6      0.4      3.1      1    37,   37  /PD_TOP        (1.10)
i_0_0/i_13/CI->CO        FA_X1                   rr   1652.5     47.8     47.8      0.0     13.6      0.4      3.1      1    37,   37  /PD_TOP        (1.10)
i_0_0/i_14/CI->CO        FA_X1                   rr   1700.3     47.8     47.8      0.0     13.6      0.4      3.1      1    37,   37  /PD_TOP        (1.10)
i_0_0/i_15/CI->CO        FA_X1                   rr   1748.1     47.8     47.8      0.0     13.6      0.4      3.1      1    37,   37  /PD_TOP        (1.10)
i_0_0/i_16/CI->CO        FA_X1                   rr   1795.9     47.8     47.8      0.0     13.6      0.4      3.1      1    37,   37  /PD_TOP        (1.10)
i_0_0/i_17/CI->CO        FA_X1                   rr   1843.7     47.8     47.8      0.0     13.6      0.4      3.1      1    37,   37  /PD_TOP        (1.10)
i_0_0/i_18/CI->CO        FA_X1                   rr   1891.5     47.8     47.8      0.0     13.6      0.4      3.1      1    37,   37  /PD_TOP        (1.10)
i_0_0/i_19/CI->CO        FA_X1                   rr   1939.3     47.8     47.8      0.0     13.6      0.4      3.1      1    37,   37  /PD_TOP        (1.10)
i_0_0/i_20/CI->CO        FA_X1                   rr   1987.1     47.8     47.8      0.0     13.6      0.4      3.1      1    37,   37  /PD_TOP        (1.10)
i_0_0/i_21/CI->CO        FA_X1                   rr   2034.9     47.8     47.8      0.0     13.6      0.4      3.1      1    37,   37  /PD_TOP        (1.10)
i_0_0/i_22/CI->CO        FA_X1                   rr   2082.7     47.8     47.8      0.0     13.6      0.4      3.1      1    37,   37  /PD_TOP        (1.10)
i_0_0/i_23/CI->CO        FA_X1                   rr   2130.5     47.8     47.8      0.0     13.6      0.4      3.1      1    37,   37  /PD_TOP        (1.10)
i_0_0/i_24/CI->CO        FA_X1                   rr   2178.3     47.8     47.8      0.0     13.6      0.4      3.1      1    37,   37  /PD_TOP        (1.10)
i_0_0/i_25/CI->CO        FA_X1                   rr   2226.1     47.8     47.8      0.0     13.6      0.4      3.1      1    37,   37  /PD_TOP        (1.10)
i_0_0/i_26/CI->CO        FA_X1                   rr   2273.9     47.8     47.8      0.0     13.6      0.4      3.1      1    37,   37  /PD_TOP        (1.10)
i_0_0/i_27/CI->CO        FA_X1                   rr   2321.7     47.8     47.8      0.0     13.6      0.4      3.1      1    37,   37  /PD_TOP        (1.10)
i_0_0/i_28/CI->CO        FA_X1                   rr   2369.5     47.8     47.8      0.0     13.6      0.4      3.1      1    37,   37  /PD_TOP        (1.10)
i_0_0/i_29/CI->CO        FA_X1                   rr   2417.3     47.8     47.8      0.0     13.6      0.4      3.1      1    37,   37  /PD_TOP        (1.10)
i_0_0/i_30/CI->CO        FA_X1                   rr   2465.1     47.8     47.8      0.0     13.6      0.4      3.1      1    37,   37  /PD_TOP        (1.10)
i_0_0/i_31/CI->S         FA_X1*                  rf   2604.9    139.8    139.8      0.0     13.6      0.7     40.0      3    37,   37  /PD_TOP        (1.10)
OverFlow/i_0_2/A->ZN     INV_X8                  fr   2616.4     11.5     11.5      0.0     15.3      0.3      2.0      1    37,   37  /PD_TOP        (1.10)
OverFlow/i_0_3/B1->ZN    OAI33_X1                rf   2660.0     43.6     43.6      0.0      4.7      2.3     12.3      1    37,   37  /PD_TOP        (1.10)
of                                                f   2660.2      0.2               0.2     33.7                             40,    0                       
------------------------------------------------------------------------------------------------------------------------------------------------------------
Report for group R2O
