Report Physical info: 
------------------------+------------------+-----------+------------
                        |                  |Area (squm)|Leakage (uW)
------------------------+------------------+-----------+------------
Design Name             |FloatingPointAdder|           |            
  Total Instances       |               308|        528|      10.974
    Macros              |                 0|          0|       0.000
    Pads                |                 0|          0|       0.000
    Phys                |                 0|          0|       0.000
    Blackboxes          |                 0|          0|       0.000
    Cells               |               308|        528|      10.974
      Buffers           |                 0|          0|       0.000
      Inverters         |                22|         12|       0.316
      Clock-Gates       |                 0|          0|       0.000
      Combinational     |               286|        516|      10.659
      Latches           |                 0|          0|       0.000
      FlipFlops         |                 0|          0|       0.000
       Single-Bit FF    |                 0|          0|       0.000
       Multi-Bit FF     |                 0|          0|       0.000
       Clock-Gated      |                 0|           |            
       Bits             |                 0|          0|       0.000
         Load-Enabled   |                 0|           |            
         Clock-Gated    |                 0|           |            
  Tristate Pin Count    |                 0|           |            
Physical Info           |Placed            |           |            
  Chip Size (mm x mm)   |0.090 x 0.090     |       8038|            
  Fixed Cell Area       |                  |          0|            
    Phys Only           |                 0|          0|            
  Placeable Area        |                  |        871|            
  Movable Cell Area     |                  |        528|            
  Utilization (%)       |                60|           |            
  Chip Utilization (%)  |                60|           |            
  Total Wire Length (mm)|             4.508|           |            
  Longest Wire (mm)     |             0.048|           |            
  Average Wire (mm)     |             0.046|           |            
------------------------+------------------+-----------+------------
