Report for group default
Report for group I2R
Report for group I2O
------------------------------------------------------------------------------------------------------------------------------------------------------------
Startpoint: B[24]
    (Clocked by vsysclk R)
Endpoint: Sum[30]
    (Clocked by vsysclk R)
Path Group: I2O
Data required time: 19500.0
    (Clock shift: 20000.0, minus Uncertainty: 0.0, plus Latency 0.0, minus Out delay: 500.0)
Data arrival time: 3567.4
Slack: 15932.6
Logic depth: 48
------------------------------------------------------------------------------------------------------------------------------------------------------------
                                                     Arrival               Arc      Net               Net    Total   fan-                                   
Path                     Module/Cell           Edge     Time    Delay    Delay    Delay     Slew     Load     Load    out     Location Power Domain      (V)
                                                        (ps)     (ps)     (ps)     (ps)     (ps)     (ff)     (ff)    (#)      (um,um)                      
------------------------------------------------------------------------------------------------------------------------------------------------------------
B[24]                    {set_input_delay}        r   1000.0   1000.0   1000.0                        2.6     29.6      2    90,   44                       
subtract/i_1_0_61/A->ZN  INV_X8                  rf   1006.5      6.5      6.2      0.3      0.0      1.3     17.6      4    45,   45  /PD_TOP        (1.10)
subtract/i_1_0_45/A1->ZN NOR2_X4*                fr   1059.2     52.7     52.7      0.0      5.0      0.6     29.9      2    45,   45  /PD_TOP        (1.10)
subtract/i_1_0_44/A->ZN  INV_X8                  rf   1067.3      8.1      8.1      0.0     15.3      0.7      8.3      2    45,   45  /PD_TOP        (1.10)
subtract/i_1_0_42/B1->ZN AOI22_X4                fr   1112.1     44.8     44.8      0.0      3.9      0.7      8.8      2    45,   45  /PD_TOP        (1.10)
subtract/i_1_0_41/B2->ZN AOI22_X4                rf   1140.8     28.7     28.7      0.0     30.3      0.7      9.0      2    45,   45  /PD_TOP        (1.10)
subtract/i_1_0_40/B2->ZN AOI22_X4                fr   1195.5     54.7     54.7      0.0     14.4      0.7      8.8      2    45,   45  /PD_TOP        (1.10)
subtract/i_1_0_39/B2->ZN AOI22_X4                rf   1223.9     28.4     28.4      0.0     30.3      0.7      8.6      2    45,   45  /PD_TOP        (1.10)
subtract/i_1_0_38/B2->ZN AOI22_X4                fr   1278.1     54.2     54.2      0.0     14.2      0.7      8.6      2    45,   45  /PD_TOP        (1.10)
subtract/i_1_0_37/A->ZN  AOI21_X4                rf   1295.7     17.6     17.6      0.0     30.0      0.3      4.5      1    45,   45  /PD_TOP        (1.10)
subtract/i_1_0_36/A2->ZN NOR2_X4                 fr   1325.5     29.8     29.8      0.0      7.8      0.7      6.2      2    45,   45  /PD_TOP        (1.10)
subtract/i_1_0_35/A->ZN  OAI21_X4                rf   1346.1     20.6     20.6      0.0     17.6      0.3      4.2      1    45,   45  /PD_TOP        (1.10)
subtract/i_1_0_34/A2->ZN NAND2_X4*               fr   1381.8     35.7     35.7      0.0      9.4      0.8     34.5      3    45,   45  /PD_TOP        (1.10)
subtract/i_1_0_33/A->ZN  INV_X32                 rf   1399.3     17.5     17.5      0.0     15.3     20.4    186.6     65    45,   45  /PD_TOP        (1.10)
subtract/i_1_0_14/B2->ZN AOI21_X4                fr   1430.5     31.2     30.4      0.8      9.0      0.3      3.7      1    45,   45  /PD_TOP        (1.10)
subtract/i_1_0_13/B->Z   XOR2_X2*                rr   1545.3    114.8    114.8      0.0     21.0      0.8     32.5      3    45,   45  /PD_TOP        (1.10)
RF1/i_1_0/i_1_115/A->ZN  INV_X8                  rf   1555.6     10.3     10.3      0.0     15.3      1.1     15.5      4    45,   45  /PD_TOP        (1.10)
RF1/i_1_0/i_1_77/A1->ZN  AND2_X4*                ff   1599.3     43.7     43.7      0.0      4.7      3.0     45.3      8    45,   45  /PD_TOP        (1.10)
RF1/i_1_0/i_1_76/A->ZN   INV_X8                  fr   1613.9     14.6     14.5      0.1     15.3      0.5      8.9      2    45,   45  /PD_TOP        (1.10)
RF1/i_1_0/i_1_71/A1->ZN  NOR2_X4                 rf   1627.9     14.0     14.0      0.0      6.5      2.5     23.7      7    45,   45  /PD_TOP        (1.10)
RF1/i_1_0/i_1_20/B1->ZN  AOI222_X2               fr   1712.0     84.1     84.0      0.1     10.0      0.4      4.3      1    45,   45  /PD_TOP        (1.10)
RF1/i_1_0/i_1_19/A->ZN   OAI21_X4                rf   1742.5     30.5     30.5      0.0     55.1      0.7      8.7      2    45,   45  /PD_TOP        (1.10)
RF1/i_1_0/i_1_5/A2->ZN   OAI22_X4                fr   1781.9     39.4     39.4      0.0     11.2      0.7      8.8      2    45,   45  /PD_TOP        (1.10)
RF1/i_1_0/i_1_0/A2->ZN   OAI22_X4                rf   1809.0     27.1     27.1      0.0     35.9      0.4      3.8      1    45,   45  /PD_TOP        (1.10)
CSA/rca16/genblk1_0_FA1/i_0/i_0/B->CO
                         FA_X1                   ff   1891.1     82.1     82.1      0.0     10.7      0.4      4.1      1    45,   45  /PD_TOP        (1.10)
CSA/rca16/genblk1_1_FA1/i_0/i_0/A->CO
                         FA_X1                   ff   1972.8     81.7     81.7      0.0     16.6      0.4      4.1      1    45,   45  /PD_TOP        (1.10)
CSA/rca16/genblk1_2_FA1/i_0/i_0/A->CO
                         FA_X1                   ff   2054.5     81.7     81.7      0.0     16.6      0.4      4.1      1    45,   45  /PD_TOP        (1.10)
CSA/rca16/genblk1_3_FA1/i_0/i_0/A->CO
                         FA_X1                   ff   2136.2     81.7     81.7      0.0     16.6      0.4      4.1      1    45,   45  /PD_TOP        (1.10)
CSA/rca16/genblk1_4_FA1/i_0/i_0/A->CO
                         FA_X1                   ff   2217.9     81.7     81.7      0.0     16.6      0.4      4.1      1    45,   45  /PD_TOP        (1.10)
CSA/rca16/genblk1_5_FA1/i_0/i_0/A->CO
                         FA_X1                   ff   2299.6     81.7     81.7      0.0     16.6      0.4      4.1      1    45,   45  /PD_TOP        (1.10)
CSA/rca16/genblk1_6_FA1/i_0/i_0/A->CO
                         FA_X1                   ff   2381.3     81.7     81.7      0.0     16.6      0.4      4.1      1    45,   45  /PD_TOP        (1.10)
CSA/rca16/genblk1_7_FA1/i_0/i_0/A->CO
                         FA_X1                   ff   2463.0     81.7     81.7      0.0     16.6      0.4      4.1      1    45,   45  /PD_TOP        (1.10)
CSA/rca16/genblk1_8_FA1/i_0/i_0/A->CO
                         FA_X1                   ff   2544.7     81.7     81.7      0.0     16.6      0.4      4.1      1    45,   45  /PD_TOP        (1.10)
CSA/rca16/genblk1_9_FA1/i_0/i_0/A->CO
                         FA_X1                   ff   2626.4     81.7     81.7      0.0     16.6      0.4      4.1      1    45,   45  /PD_TOP        (1.10)
CSA/rca16/genblk1_10_FA1/i_0/i_0/A->CO
                         FA_X1                   ff   2708.1     81.7     81.7      0.0     16.6      0.4      4.1      1    45,   45  /PD_TOP        (1.10)
CSA/rca16/genblk1_11_FA1/i_0/i_0/A->CO
                         FA_X1                   ff   2789.8     81.7     81.7      0.0     16.6      0.4      4.1      1    45,   45  /PD_TOP        (1.10)
CSA/rca16/genblk1_12_FA1/i_0/i_0/A->CO
                         FA_X1                   ff   2871.5     81.7     81.7      0.0     16.6      0.4      4.1      1    45,   45  /PD_TOP        (1.10)
CSA/rca16/genblk1_13_FA1/i_0/i_0/A->CO
                         FA_X1                   ff   2953.2     81.7     81.7      0.0     16.6      0.4      4.1      1    45,   45  /PD_TOP        (1.10)
CSA/rca16/genblk1_14_FA1/i_0/i_0/A->CO
                         FA_X1                   ff   3034.9     81.7     81.7      0.0     16.6      0.4      4.1      1    45,   45  /PD_TOP        (1.10)
CSA/rca16/genblk1_15_FA1/i_0/i_0/A->CO
                         FA_X1                   ff   3151.6    116.7    116.7      0.0     16.6      2.9     23.3      9    45,   45  /PD_TOP        (1.10)
CSA/genblk1_8_mux/i_0_0/S->Z
                         MUX2_X2*                fr   3275.1    123.5    123.4      0.1     37.4      7.6     75.7     25    45,   45  /PD_TOP        (1.10)
finalout/i_1_0_0/A->CO   HA_X1                   rr   3313.3     38.2     37.9      0.3     15.3      0.3      3.8      1    45,   45  /PD_TOP        (1.10)
finalout/i_1_0_1/B->CO   HA_X1                   rr   3351.1     37.8     37.8      0.0     12.7      0.3      3.8      1    45,   45  /PD_TOP        (1.10)
finalout/i_1_0_2/B->CO   HA_X1                   rr   3388.9     37.8     37.8      0.0     12.7      0.3      3.8      1    45,   45  /PD_TOP        (1.10)
finalout/i_1_0_3/B->CO   HA_X1                   rr   3426.7     37.8     37.8      0.0     12.7      0.3      3.8      1    45,   45  /PD_TOP        (1.10)
finalout/i_1_0_4/B->CO   HA_X1                   rr   3464.5     37.8     37.8      0.0     12.7      0.3      3.8      1    45,   45  /PD_TOP        (1.10)
finalout/i_1_0_5/B->CO   HA_X1                   rr   3502.3     37.8     37.8      0.0     12.7      0.3      3.8      1    45,   45  /PD_TOP        (1.10)
finalout/i_1_0_6/B->CO   HA_X1                   rr   3540.1     37.8     37.8      0.0     12.7      0.3      3.7      1    45,   45  /PD_TOP        (1.10)
finalout/i_1_0_7/B->Z    XOR2_X2                 rf   3567.1     27.0     27.0      0.0     12.6      2.7     12.7      1    45,   45  /PD_TOP        (1.10)
Sum[30]                                           f   3567.4      0.3               0.3     17.0                             48,    0                       
------------------------------------------------------------------------------------------------------------------------------------------------------------
Report for group R2O
